<?xml version="1.0" encoding="UTF-8"?>
<testsuite xmlns:xsi="http://www.w3.org/2001/XMLSchema-instance" xsi:noNamespaceSchemaLocation="https://maven.apache.org/surefire/maven-surefire-plugin/xsd/surefire-test-report-3.0.xsd" version="3.0" name="com.payments.tenant.service.TenantServiceTest" time="5.489" tests="10" errors="6" skipped="0" failures="0">
  <properties>
    <property name="java.specification.version" value="17"/>
    <property name="sun.cpu.isalist" value="amd64"/>
    <property name="sun.jnu.encoding" value="Cp1252"/>
    <property name="java.class.path" value="C:\git\clone\PE\tenant-management-service\target\test-classes;C:\git\clone\PE\tenant-management-service\target\classes;C:\Users\Kranthi Karthan\.m2\repository\com\payments\contracts\0.1.0-SNAPSHOT\contracts-0.1.0-SNAPSHOT.jar;C:\Users\Kranthi Karthan\.m2\repository\com\payments\shared\0.1.0-SNAPSHOT\shared-0.1.0-SNAPSHOT.jar;C:\Users\Kranthi Karthan\.m2\repository\jakarta\persistence\jakarta.persistence-api\3.1.0\jakarta.persistence-api-3.1.0.jar;C:\Users\Kranthi Karthan\.m2\repository\com\fasterxml\jackson\core\jackson-annotations\2.15.3\jackson-annotations-2.15.3.jar;C:\Users\Kranthi Karthan\.m2\repository\io\swagger\core\v3\swagger-annotations\2.2.15\swagger-annotations-2.2.15.jar;C:\Users\Kranthi Karthan\.m2\repository\com\payments\tenant-management\0.1.0-SNAPSHOT\tenant-management-0.1.0-SNAPSHOT.jar;C:\Users\Kranthi Karthan\.m2\repository\com\payments\shared-config\0.1.0-SNAPSHOT\shared-config-0.1.0-SNAPSHOT.jar;C:\Users\Kranthi Karthan\.m2\repository\org\springframework\boot\spring-boot-starter\3.2.0\spring-boot-starter-3.2.0.jar;C:\Users\Kranthi Karthan\.m2\repository\org\springframework\boot\spring-boot\3.2.0\spring-boot-3.2.0.jar;C:\Users\Kranthi Karthan\.m2\repository\org\springframework\boot\spring-boot-autoconfigure\3.2.0\spring-boot-autoconfigure-3.2.0.jar;C:\Users\Kranthi Karthan\.m2\repository\org\springframework\boot\spring-boot-starter-logging\3.2.0\spring-boot-starter-logging-3.2.0.jar;C:\Users\Kranthi Karthan\.m2\repository\ch\qos\logback\logback-classic\1.4.11\logback-classic-1.4.11.jar;C:\Users\Kranthi Karthan\.m2\repository\ch\qos\logback\logback-core\1.4.11\logback-core-1.4.11.jar;C:\Users\Kranthi Karthan\.m2\repository\org\apache\logging\log4j\log4j-to-slf4j\2.21.1\log4j-to-slf4j-2.21.1.jar;C:\Users\Kranthi Karthan\.m2\repository\org\apache\logging\log4j\log4j-api\2.21.1\log4j-api-2.21.1.jar;C:\Users\Kranthi Karthan\.m2\repository\org\slf4j\jul-to-slf4j\2.0.9\jul-to-slf4j-2.0.9.jar;C:\Users\Kranthi Karthan\.m2\repository\jakarta\annotation\jakarta.annotation-api\2.1.1\jakarta.annotation-api-2.1.1.jar;C:\Users\Kranthi Karthan\.m2\repository\org\yaml\snakeyaml\2.2\snakeyaml-2.2.jar;C:\Users\Kranthi Karthan\.m2\repository\org\springframework\boot\spring-boot-configuration-processor\3.2.0\spring-boot-configuration-processor-3.2.0.jar;C:\Users\Kranthi Karthan\.m2\repository\org\springframework\cloud\spring-cloud-starter-config\4.1.0\spring-cloud-starter-config-4.1.0.jar;C:\Users\Kranthi Karthan\.m2\repository\org\springframework\cloud\spring-cloud-starter\4.1.0\spring-cloud-starter-4.1.0.jar;C:\Users\Kranthi Karthan\.m2\repository\org\springframework\cloud\spring-cloud-context\4.1.0\spring-cloud-context-4.1.0.jar;C:\Users\Kranthi Karthan\.m2\repository\org\springframework\cloud\spring-cloud-commons\4.1.0\spring-cloud-commons-4.1.0.jar;C:\Users\Kranthi Karthan\.m2\repository\org\springframework\security\spring-security-rsa\1.1.1\spring-security-rsa-1.1.1.jar;C:\Users\Kranthi Karthan\.m2\repository\org\bouncycastle\bcprov-jdk18on\1.74\bcprov-jdk18on-1.74.jar;C:\Users\Kranthi Karthan\.m2\repository\org\springframework\cloud\spring-cloud-config-client\4.1.0\spring-cloud-config-client-4.1.0.jar;C:\Users\Kranthi Karthan\.m2\repository\com\fasterxml\jackson\core\jackson-databind\2.15.3\jackson-databind-2.15.3.jar;C:\Users\Kranthi Karthan\.m2\repository\org\springframework\cloud\spring-cloud-starter-vault-config\4.1.0\spring-cloud-starter-vault-config-4.1.0.jar;C:\Users\Kranthi Karthan\.m2\repository\org\apache\httpcomponents\client5\httpclient5\5.2.1\httpclient5-5.2.1.jar;C:\Users\Kranthi Karthan\.m2\repository\org\apache\httpcomponents\core5\httpcore5-h2\5.2.3\httpcore5-h2-5.2.3.jar;C:\Users\Kranthi Karthan\.m2\repository\org\apache\httpcomponents\core5\httpcore5\5.2.3\httpcore5-5.2.3.jar;C:\Users\Kranthi Karthan\.m2\repository\org\springframework\cloud\spring-cloud-vault-config\4.1.0\spring-cloud-vault-config-4.1.0.jar;C:\Users\Kranthi Karthan\.m2\repository\org\springframework\vault\spring-vault-core\3.1.0\spring-vault-core-3.1.0.jar;C:\Users\Kranthi Karthan\.m2\repository\org\springframework\cloud\spring-cloud-starter-consul-config\4.1.0\spring-cloud-starter-consul-config-4.1.0.jar;C:\Users\Kranthi Karthan\.m2\repository\org\springframework\cloud\spring-cloud-starter-consul\4.1.0\spring-cloud-starter-consul-4.1.0.jar;C:\Users\Kranthi Karthan\.m2\repository\org\springframework\cloud\spring-cloud-consul-core\4.1.0\spring-cloud-consul-core-4.1.0.jar;C:\Users\Kranthi Karthan\.m2\repository\com\ecwid\consul\consul-api\1.4.5\consul-api-1.4.5.jar;C:\Users\Kranthi Karthan\.m2\repository\org\apache\httpcomponents\httpclient\4.5.14\httpclient-4.5.14.jar;C:\Users\Kranthi Karthan\.m2\repository\commons-logging\commons-logging\1.2\commons-logging-1.2.jar;C:\Users\Kranthi Karthan\.m2\repository\commons-codec\commons-codec\1.16.0\commons-codec-1.16.0.jar;C:\Users\Kranthi Karthan\.m2\repository\org\apache\httpcomponents\httpcore\4.4.16\httpcore-4.4.16.jar;C:\Users\Kranthi Karthan\.m2\repository\org\springframework\cloud\spring-cloud-consul-config\4.1.0\spring-cloud-consul-config-4.1.0.jar;C:\Users\Kranthi Karthan\.m2\repository\org\springframework\cloud\spring-cloud-starter-kubernetes-client-config\3.1.0\spring-cloud-starter-kubernetes-client-config-3.1.0.jar;C:\Users\Kranthi Karthan\.m2\repository\org\springframework\cloud\spring-cloud-kubernetes-client-config\3.1.0\spring-cloud-kubernetes-client-config-3.1.0.jar;C:\Users\Kranthi Karthan\.m2\repository\org\springframework\cloud\spring-cloud-kubernetes-client-autoconfig\3.1.0\spring-cloud-kubernetes-client-autoconfig-3.1.0.jar;C:\Users\Kranthi Karthan\.m2\repository\org\springframework\cloud\spring-cloud-kubernetes-commons\3.1.0\spring-cloud-kubernetes-commons-3.1.0.jar;C:\Users\Kranthi Karthan\.m2\repository\io\kubernetes\client-java\19.0.0\client-java-19.0.0.jar;C:\Users\Kranthi Karthan\.m2\repository\io\prometheus\simpleclient_httpserver\0.16.0\simpleclient_httpserver-0.16.0.jar;C:\Users\Kranthi Karthan\.m2\repository\io\kubernetes\client-java-api\19.0.0\client-java-api-19.0.0.jar;C:\Users\Kranthi Karthan\.m2\repository\javax\annotation\javax.annotation-api\1.3.2\javax.annotation-api-1.3.2.jar;C:\Users\Kranthi Karthan\.m2\repository\io\swagger\swagger-annotations\1.6.11\swagger-annotations-1.6.11.jar;C:\Users\Kranthi Karthan\.m2\repository\com\squareup\okhttp3\logging-interceptor\4.12.0\logging-interceptor-4.12.0.jar;C:\Users\Kranthi Karthan\.m2\repository\io\gsonfire\gson-fire\1.8.5\gson-fire-1.8.5.jar;C:\Users\Kranthi Karthan\.m2\repository\io\kubernetes\client-java-proto\19.0.0\client-java-proto-19.0.0.jar;C:\Users\Kranthi Karthan\.m2\repository\org\apache\commons\commons-compress\1.24.0\commons-compress-1.24.0.jar;C:\Users\Kranthi Karthan\.m2\repository\org\apache\commons\commons-lang3\3.13.0\commons-lang3-3.13.0.jar;C:\Users\Kranthi Karthan\.m2\repository\commons-io\commons-io\2.14.0\commons-io-2.14.0.jar;C:\Users\Kranthi Karthan\.m2\repository\org\bouncycastle\bcpkix-jdk18on\1.76\bcpkix-jdk18on-1.76.jar;C:\Users\Kranthi Karthan\.m2\repository\org\bouncycastle\bcutil-jdk18on\1.76\bcutil-jdk18on-1.76.jar;C:\Users\Kranthi Karthan\.m2\repository\com\google\protobuf\protobuf-java\3.24.3\protobuf-java-3.24.3.jar;C:\Users\Kranthi Karthan\.m2\repository\org\apache\commons\commons-collections4\4.4\commons-collections4-4.4.jar;C:\Users\Kranthi Karthan\.m2\repository\org\bitbucket\b_c\jose4j\0.9.3\jose4j-0.9.3.jar;C:\Users\Kranthi Karthan\.m2\repository\io\kubernetes\client-java-extended\19.0.0\client-java-extended-19.0.0.jar;C:\Users\Kranthi Karthan\.m2\repository\io\kubernetes\client-java-api-fluent\19.0.0\client-java-api-fluent-19.0.0.jar;C:\Users\Kranthi Karthan\.m2\repository\com\github\vladimir-bukhtoyarov\bucket4j-core\7.6.0\bucket4j-core-7.6.0.jar;C:\Users\Kranthi Karthan\.m2\repository\com\flipkart\zjsonpatch\zjsonpatch\0.4.14\zjsonpatch-0.4.14.jar;C:\Users\Kranthi Karthan\.m2\repository\com\github\ben-manes\caffeine\caffeine\3.1.8\caffeine-3.1.8.jar;C:\Users\Kranthi Karthan\.m2\repository\com\google\errorprone\error_prone_annotations\2.21.1\error_prone_annotations-2.21.1.jar;C:\Users\Kranthi Karthan\.m2\repository\org\springframework\boot\spring-boot-starter-security\3.2.0\spring-boot-starter-security-3.2.0.jar;C:\Users\Kranthi Karthan\.m2\repository\org\springframework\spring-aop\6.1.1\spring-aop-6.1.1.jar;C:\Users\Kranthi Karthan\.m2\repository\org\springframework\security\spring-security-config\6.2.0\spring-security-config-6.2.0.jar;C:\Users\Kranthi Karthan\.m2\repository\org\springframework\security\spring-security-core\6.2.0\spring-security-core-6.2.0.jar;C:\Users\Kranthi Karthan\.m2\repository\org\springframework\security\spring-security-web\6.2.0\spring-security-web-6.2.0.jar;C:\Users\Kranthi Karthan\.m2\repository\org\springframework\security\spring-security-crypto\6.2.0\spring-security-crypto-6.2.0.jar;C:\Users\Kranthi Karthan\.m2\repository\com\github\ulisesbocchio\jasypt-spring-boot-starter\3.0.5\jasypt-spring-boot-starter-3.0.5.jar;C:\Users\Kranthi Karthan\.m2\repository\com\github\ulisesbocchio\jasypt-spring-boot\3.0.5\jasypt-spring-boot-3.0.5.jar;C:\Users\Kranthi Karthan\.m2\repository\org\jasypt\jasypt\1.9.3\jasypt-1.9.3.jar;C:\Users\Kranthi Karthan\.m2\repository\com\payments\shared-telemetry\0.1.0-SNAPSHOT\shared-telemetry-0.1.0-SNAPSHOT.jar;C:\Users\Kranthi Karthan\.m2\repository\io\opentelemetry\opentelemetry-api\1.31.0\opentelemetry-api-1.31.0.jar;C:\Users\Kranthi Karthan\.m2\repository\io\opentelemetry\opentelemetry-context\1.31.0\opentelemetry-context-1.31.0.jar;C:\Users\Kranthi Karthan\.m2\repository\io\opentelemetry\opentelemetry-sdk\1.31.0\opentelemetry-sdk-1.31.0.jar;C:\Users\Kranthi Karthan\.m2\repository\io\opentelemetry\opentelemetry-sdk-common\1.31.0\opentelemetry-sdk-common-1.31.0.jar;C:\Users\Kranthi Karthan\.m2\repository\io\opentelemetry\opentelemetry-sdk-trace\1.31.0\opentelemetry-sdk-trace-1.31.0.jar;C:\Users\Kranthi Karthan\.m2\repository\io\opentelemetry\opentelemetry-sdk-metrics\1.31.0\opentelemetry-sdk-metrics-1.31.0.jar;C:\Users\Kranthi Karthan\.m2\repository\io\opentelemetry\opentelemetry-extension-incubator\1.31.0-alpha\opentelemetry-extension-incubator-1.31.0-alpha.jar;C:\Users\Kranthi Karthan\.m2\repository\io\opentelemetry\opentelemetry-sdk-logs\1.31.0\opentelemetry-sdk-logs-1.31.0.jar;C:\Users\Kranthi Karthan\.m2\repository\io\opentelemetry\opentelemetry-api-events\1.31.0-alpha\opentelemetry-api-events-1.31.0-alpha.jar;C:\Users\Kranthi Karthan\.m2\repository\io\opentelemetry\opentelemetry-exporter-jaeger\1.31.0\opentelemetry-exporter-jaeger-1.31.0.jar;C:\Users\Kranthi Karthan\.m2\repository\io\opentelemetry\opentelemetry-exporter-common\1.31.0\opentelemetry-exporter-common-1.31.0.jar;C:\Users\Kranthi Karthan\.m2\repository\io\opentelemetry\opentelemetry-exporter-sender-okhttp\1.31.0\opentelemetry-exporter-sender-okhttp-1.31.0.jar;C:\Users\Kranthi Karthan\.m2\repository\com\squareup\okhttp3\okhttp\4.12.0\okhttp-4.12.0.jar;C:\Users\Kranthi Karthan\.m2\repository\com\squareup\okio\okio\3.6.0\okio-3.6.0.jar;C:\Users\Kranthi Karthan\.m2\repository\com\squareup\okio\okio-jvm\3.6.0\okio-jvm-3.6.0.jar;C:\Users\Kranthi Karthan\.m2\repository\org\jetbrains\kotlin\kotlin-stdlib-common\1.9.20\kotlin-stdlib-common-1.9.20.jar;C:\Users\Kranthi Karthan\.m2\repository\org\jetbrains\kotlin\kotlin-stdlib-jdk8\1.9.20\kotlin-stdlib-jdk8-1.9.20.jar;C:\Users\Kranthi Karthan\.m2\repository\org\jetbrains\kotlin\kotlin-stdlib\1.9.20\kotlin-stdlib-1.9.20.jar;C:\Users\Kranthi Karthan\.m2\repository\org\jetbrains\kotlin\kotlin-stdlib-jdk7\1.9.20\kotlin-stdlib-jdk7-1.9.20.jar;C:\Users\Kranthi Karthan\.m2\repository\io\opentelemetry\opentelemetry-sdk-extension-autoconfigure-spi\1.31.0\opentelemetry-sdk-extension-autoconfigure-spi-1.31.0.jar;C:\Users\Kranthi Karthan\.m2\repository\com\fasterxml\jackson\jr\jackson-jr-objects\2.15.3\jackson-jr-objects-2.15.3.jar;C:\Users\Kranthi Karthan\.m2\repository\io\opentelemetry\opentelemetry-exporter-zipkin\1.31.0\opentelemetry-exporter-zipkin-1.31.0.jar;C:\Users\Kranthi Karthan\.m2\repository\io\zipkin\reporter2\zipkin-reporter\2.16.3\zipkin-reporter-2.16.3.jar;C:\Users\Kranthi Karthan\.m2\repository\io\zipkin\zipkin2\zipkin\2.23.2\zipkin-2.23.2.jar;C:\Users\Kranthi Karthan\.m2\repository\io\zipkin\reporter2\zipkin-sender-okhttp3\2.16.3\zipkin-sender-okhttp3-2.16.3.jar;C:\Users\Kranthi Karthan\.m2\repository\io\opentelemetry\opentelemetry-exporter-otlp\1.31.0\opentelemetry-exporter-otlp-1.31.0.jar;C:\Users\Kranthi Karthan\.m2\repository\io\opentelemetry\opentelemetry-exporter-otlp-common\1.31.0\opentelemetry-exporter-otlp-common-1.31.0.jar;C:\Users\Kranthi Karthan\.m2\repository\org\springframework\spring-aspects\6.1.1\spring-aspects-6.1.1.jar;C:\Users\Kranthi Karthan\.m2\repository\org\aspectj\aspectjweaver\1.9.20.1\aspectjweaver-1.9.20.1.jar;C:\Users\Kranthi Karthan\.m2\repository\io\micrometer\micrometer-registry-prometheus\1.12.0\micrometer-registry-prometheus-1.12.0.jar;C:\Users\Kranthi Karthan\.m2\repository\io\micrometer\micrometer-core\1.12.0\micrometer-core-1.12.0.jar;C:\Users\Kranthi Karthan\.m2\repository\org\hdrhistogram\HdrHistogram\2.1.12\HdrHistogram-2.1.12.jar;C:\Users\Kranthi Karthan\.m2\repository\org\latencyutils\LatencyUtils\2.0.3\LatencyUtils-2.0.3.jar;C:\Users\Kranthi Karthan\.m2\repository\io\prometheus\simpleclient_common\0.16.0\simpleclient_common-0.16.0.jar;C:\Users\Kranthi Karthan\.m2\repository\io\prometheus\simpleclient\0.16.0\simpleclient-0.16.0.jar;C:\Users\Kranthi Karthan\.m2\repository\io\prometheus\simpleclient_tracer_otel\0.16.0\simpleclient_tracer_otel-0.16.0.jar;C:\Users\Kranthi Karthan\.m2\repository\io\prometheus\simpleclient_tracer_common\0.16.0\simpleclient_tracer_common-0.16.0.jar;C:\Users\Kranthi Karthan\.m2\repository\io\prometheus\simpleclient_tracer_otel_agent\0.16.0\simpleclient_tracer_otel_agent-0.16.0.jar;C:\Users\Kranthi Karthan\.m2\repository\net\logstash\logback\logstash-logback-encoder\7.4\logstash-logback-encoder-7.4.jar;C:\Users\Kranthi Karthan\.m2\repository\org\springframework\boot\spring-boot-starter-web\3.2.0\spring-boot-starter-web-3.2.0.jar;C:\Users\Kranthi Karthan\.m2\repository\org\springframework\boot\spring-boot-starter-json\3.2.0\spring-boot-starter-json-3.2.0.jar;C:\Users\Kranthi Karthan\.m2\repository\com\fasterxml\jackson\datatype\jackson-datatype-jdk8\2.15.3\jackson-datatype-jdk8-2.15.3.jar;C:\Users\Kranthi Karthan\.m2\repository\com\fasterxml\jackson\datatype\jackson-datatype-jsr310\2.15.3\jackson-datatype-jsr310-2.15.3.jar;C:\Users\Kranthi Karthan\.m2\repository\com\fasterxml\jackson\module\jackson-module-parameter-names\2.15.3\jackson-module-parameter-names-2.15.3.jar;C:\Users\Kranthi Karthan\.m2\repository\org\springframework\boot\spring-boot-starter-tomcat\3.2.0\spring-boot-starter-tomcat-3.2.0.jar;C:\Users\Kranthi Karthan\.m2\repository\org\apache\tomcat\embed\tomcat-embed-core\10.1.16\tomcat-embed-core-10.1.16.jar;C:\Users\Kranthi Karthan\.m2\repository\org\apache\tomcat\embed\tomcat-embed-websocket\10.1.16\tomcat-embed-websocket-10.1.16.jar;C:\Users\Kranthi Karthan\.m2\repository\org\springframework\spring-web\6.1.1\spring-web-6.1.1.jar;C:\Users\Kranthi Karthan\.m2\repository\org\springframework\spring-beans\6.1.1\spring-beans-6.1.1.jar;C:\Users\Kranthi Karthan\.m2\repository\org\springframework\spring-webmvc\6.1.1\spring-webmvc-6.1.1.jar;C:\Users\Kranthi Karthan\.m2\repository\org\springframework\spring-expression\6.1.1\spring-expression-6.1.1.jar;C:\Users\Kranthi Karthan\.m2\repository\org\springframework\boot\spring-boot-starter-validation\3.2.0\spring-boot-starter-validation-3.2.0.jar;C:\Users\Kranthi Karthan\.m2\repository\org\apache\tomcat\embed\tomcat-embed-el\10.1.16\tomcat-embed-el-10.1.16.jar;C:\Users\Kranthi Karthan\.m2\repository\org\hibernate\validator\hibernate-validator\8.0.1.Final\hibernate-validator-8.0.1.Final.jar;C:\Users\Kranthi Karthan\.m2\repository\jakarta\validation\jakarta.validation-api\3.0.2\jakarta.validation-api-3.0.2.jar;C:\Users\Kranthi Karthan\.m2\repository\org\jboss\logging\jboss-logging\3.5.3.Final\jboss-logging-3.5.3.Final.jar;C:\Users\Kranthi Karthan\.m2\repository\com\fasterxml\classmate\1.6.0\classmate-1.6.0.jar;C:\Users\Kranthi Karthan\.m2\repository\org\springframework\boot\spring-boot-starter-data-jpa\3.2.0\spring-boot-starter-data-jpa-3.2.0.jar;C:\Users\Kranthi Karthan\.m2\repository\org\springframework\boot\spring-boot-starter-aop\3.2.0\spring-boot-starter-aop-3.2.0.jar;C:\Users\Kranthi Karthan\.m2\repository\org\springframework\boot\spring-boot-starter-jdbc\3.2.0\spring-boot-starter-jdbc-3.2.0.jar;C:\Users\Kranthi Karthan\.m2\repository\com\zaxxer\HikariCP\5.0.1\HikariCP-5.0.1.jar;C:\Users\Kranthi Karthan\.m2\repository\org\springframework\spring-jdbc\6.1.1\spring-jdbc-6.1.1.jar;C:\Users\Kranthi Karthan\.m2\repository\org\hibernate\orm\hibernate-core\6.3.1.Final\hibernate-core-6.3.1.Final.jar;C:\Users\Kranthi Karthan\.m2\repository\jakarta\transaction\jakarta.transaction-api\2.0.1\jakarta.transaction-api-2.0.1.jar;C:\Users\Kranthi Karthan\.m2\repository\org\hibernate\common\hibernate-commons-annotations\6.0.6.Final\hibernate-commons-annotations-6.0.6.Final.jar;C:\Users\Kranthi Karthan\.m2\repository\io\smallrye\jandex\3.1.2\jandex-3.1.2.jar;C:\Users\Kranthi Karthan\.m2\repository\org\glassfish\jaxb\jaxb-runtime\4.0.4\jaxb-runtime-4.0.4.jar;C:\Users\Kranthi Karthan\.m2\repository\org\glassfish\jaxb\jaxb-core\4.0.4\jaxb-core-4.0.4.jar;C:\Users\Kranthi Karthan\.m2\repository\org\eclipse\angus\angus-activation\2.0.1\angus-activation-2.0.1.jar;C:\Users\Kranthi Karthan\.m2\repository\org\glassfish\jaxb\txw2\4.0.4\txw2-4.0.4.jar;C:\Users\Kranthi Karthan\.m2\repository\com\sun\istack\istack-commons-runtime\4.1.2\istack-commons-runtime-4.1.2.jar;C:\Users\Kranthi Karthan\.m2\repository\jakarta\inject\jakarta.inject-api\2.0.1\jakarta.inject-api-2.0.1.jar;C:\Users\Kranthi Karthan\.m2\repository\org\antlr\antlr4-runtime\4.10.1\antlr4-runtime-4.10.1.jar;C:\Users\Kranthi Karthan\.m2\repository\org\springframework\data\spring-data-jpa\3.2.0\spring-data-jpa-3.2.0.jar;C:\Users\Kranthi Karthan\.m2\repository\org\springframework\data\spring-data-commons\3.2.0\spring-data-commons-3.2.0.jar;C:\Users\Kranthi Karthan\.m2\repository\org\springframework\spring-orm\6.1.1\spring-orm-6.1.1.jar;C:\Users\Kranthi Karthan\.m2\repository\org\slf4j\slf4j-api\2.0.9\slf4j-api-2.0.9.jar;C:\Users\Kranthi Karthan\.m2\repository\org\springframework\boot\spring-boot-starter-actuator\3.2.0\spring-boot-starter-actuator-3.2.0.jar;C:\Users\Kranthi Karthan\.m2\repository\org\springframework\boot\spring-boot-actuator-autoconfigure\3.2.0\spring-boot-actuator-autoconfigure-3.2.0.jar;C:\Users\Kranthi Karthan\.m2\repository\org\springframework\boot\spring-boot-actuator\3.2.0\spring-boot-actuator-3.2.0.jar;C:\Users\Kranthi Karthan\.m2\repository\io\micrometer\micrometer-observation\1.12.0\micrometer-observation-1.12.0.jar;C:\Users\Kranthi Karthan\.m2\repository\io\micrometer\micrometer-commons\1.12.0\micrometer-commons-1.12.0.jar;C:\Users\Kranthi Karthan\.m2\repository\io\micrometer\micrometer-jakarta9\1.12.0\micrometer-jakarta9-1.12.0.jar;C:\Users\Kranthi Karthan\.m2\repository\org\springdoc\springdoc-openapi-starter-webmvc-ui\2.2.0\springdoc-openapi-starter-webmvc-ui-2.2.0.jar;C:\Users\Kranthi Karthan\.m2\repository\org\springdoc\springdoc-openapi-starter-webmvc-api\2.2.0\springdoc-openapi-starter-webmvc-api-2.2.0.jar;C:\Users\Kranthi Karthan\.m2\repository\org\springdoc\springdoc-openapi-starter-common\2.2.0\springdoc-openapi-starter-common-2.2.0.jar;C:\Users\Kranthi Karthan\.m2\repository\io\swagger\core\v3\swagger-core-jakarta\2.2.15\swagger-core-jakarta-2.2.15.jar;C:\Users\Kranthi Karthan\.m2\repository\io\swagger\core\v3\swagger-annotations-jakarta\2.2.15\swagger-annotations-jakarta-2.2.15.jar;C:\Users\Kranthi Karthan\.m2\repository\io\swagger\core\v3\swagger-models-jakarta\2.2.15\swagger-models-jakarta-2.2.15.jar;C:\Users\Kranthi Karthan\.m2\repository\com\fasterxml\jackson\dataformat\jackson-dataformat-yaml\2.15.3\jackson-dataformat-yaml-2.15.3.jar;C:\Users\Kranthi Karthan\.m2\repository\org\webjars\swagger-ui\5.2.0\swagger-ui-5.2.0.jar;C:\Users\Kranthi Karthan\.m2\repository\org\postgresql\postgresql\42.6.0\postgresql-42.6.0.jar;C:\Users\Kranthi Karthan\.m2\repository\org\checkerframework\checker-qual\3.31.0\checker-qual-3.31.0.jar;C:\Users\Kranthi Karthan\.m2\repository\org\flywaydb\flyway-core\9.22.3\flyway-core-9.22.3.jar;C:\Users\Kranthi Karthan\.m2\repository\com\fasterxml\jackson\dataformat\jackson-dataformat-toml\2.15.3\jackson-dataformat-toml-2.15.3.jar;C:\Users\Kranthi Karthan\.m2\repository\com\fasterxml\jackson\core\jackson-core\2.15.3\jackson-core-2.15.3.jar;C:\Users\Kranthi Karthan\.m2\repository\com\google\code\gson\gson\2.10.1\gson-2.10.1.jar;C:\Users\Kranthi Karthan\.m2\repository\org\projectlombok\lombok\1.18.30\lombok-1.18.30.jar;C:\Users\Kranthi Karthan\.m2\repository\com\azure\azure-identity\1.11.4\azure-identity-1.11.4.jar;C:\Users\Kranthi Karthan\.m2\repository\com\azure\azure-core\1.47.0\azure-core-1.47.0.jar;C:\Users\Kranthi Karthan\.m2\repository\com\azure\azure-json\1.1.0\azure-json-1.1.0.jar;C:\Users\Kranthi Karthan\.m2\repository\io\projectreactor\reactor-core\3.6.0\reactor-core-3.6.0.jar;C:\Users\Kranthi Karthan\.m2\repository\org\reactivestreams\reactive-streams\1.0.4\reactive-streams-1.0.4.jar;C:\Users\Kranthi Karthan\.m2\repository\com\azure\azure-core-http-netty\1.14.1\azure-core-http-netty-1.14.1.jar;C:\Users\Kranthi Karthan\.m2\repository\io\netty\netty-handler\4.1.101.Final\netty-handler-4.1.101.Final.jar;C:\Users\Kranthi Karthan\.m2\repository\io\netty\netty-resolver\4.1.101.Final\netty-resolver-4.1.101.Final.jar;C:\Users\Kranthi Karthan\.m2\repository\io\netty\netty-handler-proxy\4.1.101.Final\netty-handler-proxy-4.1.101.Final.jar;C:\Users\Kranthi Karthan\.m2\repository\io\netty\netty-codec-socks\4.1.101.Final\netty-codec-socks-4.1.101.Final.jar;C:\Users\Kranthi Karthan\.m2\repository\io\netty\netty-buffer\4.1.101.Final\netty-buffer-4.1.101.Final.jar;C:\Users\Kranthi Karthan\.m2\repository\io\netty\netty-codec\4.1.101.Final\netty-codec-4.1.101.Final.jar;C:\Users\Kranthi Karthan\.m2\repository\io\netty\netty-codec-http\4.1.101.Final\netty-codec-http-4.1.101.Final.jar;C:\Users\Kranthi Karthan\.m2\repository\io\netty\netty-codec-http2\4.1.101.Final\netty-codec-http2-4.1.101.Final.jar;C:\Users\Kranthi Karthan\.m2\repository\io\netty\netty-transport-native-unix-common\4.1.101.Final\netty-transport-native-unix-common-4.1.101.Final.jar;C:\Users\Kranthi Karthan\.m2\repository\io\netty\netty-transport-native-epoll\4.1.101.Final\netty-transport-native-epoll-4.1.101.Final-linux-x86_64.jar;C:\Users\Kranthi Karthan\.m2\repository\io\netty\netty-transport-classes-epoll\4.1.101.Final\netty-transport-classes-epoll-4.1.101.Final.jar;C:\Users\Kranthi Karthan\.m2\repository\io\netty\netty-transport-native-kqueue\4.1.101.Final\netty-transport-native-kqueue-4.1.101.Final-osx-x86_64.jar;C:\Users\Kranthi Karthan\.m2\repository\io\netty\netty-transport-classes-kqueue\4.1.101.Final\netty-transport-classes-kqueue-4.1.101.Final.jar;C:\Users\Kranthi Karthan\.m2\repository\io\netty\netty-tcnative-boringssl-static\2.0.61.Final\netty-tcnative-boringssl-static-2.0.61.Final.jar;C:\Users\Kranthi Karthan\.m2\repository\io\netty\netty-tcnative-classes\2.0.61.Final\netty-tcnative-classes-2.0.61.Final.jar;C:\Users\Kranthi Karthan\.m2\repository\io\netty\netty-tcnative-boringssl-static\2.0.61.Final\netty-tcnative-boringssl-static-2.0.61.Final-linux-x86_64.jar;C:\Users\Kranthi Karthan\.m2\repository\io\netty\netty-tcnative-boringssl-static\2.0.61.Final\netty-tcnative-boringssl-static-2.0.61.Final-linux-aarch_64.jar;C:\Users\Kranthi Karthan\.m2\repository\io\netty\netty-tcnative-boringssl-static\2.0.61.Final\netty-tcnative-boringssl-static-2.0.61.Final-osx-x86_64.jar;C:\Users\Kranthi Karthan\.m2\repository\io\netty\netty-tcnative-boringssl-static\2.0.61.Final\netty-tcnative-boringssl-static-2.0.61.Final-osx-aarch_64.jar;C:\Users\Kranthi Karthan\.m2\repository\io\netty\netty-tcnative-boringssl-static\2.0.61.Final\netty-tcnative-boringssl-static-2.0.61.Final-windows-x86_64.jar;C:\Users\Kranthi Karthan\.m2\repository\io\projectreactor\netty\reactor-netty-http\1.1.13\reactor-netty-http-1.1.13.jar;C:\Users\Kranthi Karthan\.m2\repository\io\netty\netty-resolver-dns\4.1.101.Final\netty-resolver-dns-4.1.101.Final.jar;C:\Users\Kranthi Karthan\.m2\repository\io\netty\netty-codec-dns\4.1.101.Final\netty-codec-dns-4.1.101.Final.jar;C:\Users\Kranthi Karthan\.m2\repository\io\netty\netty-resolver-dns-native-macos\4.1.101.Final\netty-resolver-dns-native-macos-4.1.101.Final-osx-x86_64.jar;C:\Users\Kranthi Karthan\.m2\repository\io\netty\netty-resolver-dns-classes-macos\4.1.101.Final\netty-resolver-dns-classes-macos-4.1.101.Final.jar;C:\Users\Kranthi Karthan\.m2\repository\io\projectreactor\netty\reactor-netty-core\1.1.13\reactor-netty-core-1.1.13.jar;C:\Users\Kranthi Karthan\.m2\repository\io\netty\netty-common\4.1.101.Final\netty-common-4.1.101.Final.jar;C:\Users\Kranthi Karthan\.m2\repository\com\microsoft\azure\msal4j\1.14.3\msal4j-1.14.3.jar;C:\Users\Kranthi Karthan\.m2\repository\com\nimbusds\oauth2-oidc-sdk\11.9.1\oauth2-oidc-sdk-11.9.1.jar;C:\Users\Kranthi Karthan\.m2\repository\com\github\stephenc\jcip\jcip-annotations\1.0-1\jcip-annotations-1.0-1.jar;C:\Users\Kranthi Karthan\.m2\repository\com\nimbusds\content-type\2.3\content-type-2.3.jar;C:\Users\Kranthi Karthan\.m2\repository\com\nimbusds\lang-tag\1.7\lang-tag-1.7.jar;C:\Users\Kranthi Karthan\.m2\repository\com\nimbusds\nimbus-jose-jwt\9.37.3\nimbus-jose-jwt-9.37.3.jar;C:\Users\Kranthi Karthan\.m2\repository\com\microsoft\azure\msal4j-persistence-extension\1.2.0\msal4j-persistence-extension-1.2.0.jar;C:\Users\Kranthi Karthan\.m2\repository\net\java\dev\jna\jna\5.13.0\jna-5.13.0.jar;C:\Users\Kranthi Karthan\.m2\repository\net\java\dev\jna\jna-platform\5.6.0\jna-platform-5.6.0.jar;C:\Users\Kranthi Karthan\.m2\repository\com\azure\spring\spring-cloud-azure-starter-servicebus\5.12.0\spring-cloud-azure-starter-servicebus-5.12.0.jar;C:\Users\Kranthi Karthan\.m2\repository\com\azure\spring\spring-cloud-azure-starter\5.12.0\spring-cloud-azure-starter-5.12.0.jar;C:\Users\Kranthi Karthan\.m2\repository\com\azure\spring\spring-cloud-azure-autoconfigure\5.12.0\spring-cloud-azure-autoconfigure-5.12.0.jar;C:\Users\Kranthi Karthan\.m2\repository\com\azure\spring\spring-cloud-azure-service\5.12.0\spring-cloud-azure-service-5.12.0.jar;C:\Users\Kranthi Karthan\.m2\repository\com\azure\spring\spring-cloud-azure-core\5.12.0\spring-cloud-azure-core-5.12.0.jar;C:\Users\Kranthi Karthan\.m2\repository\com\azure\azure-core-management\1.13.0\azure-core-management-1.13.0.jar;C:\Users\Kranthi Karthan\.m2\repository\com\azure\azure-messaging-servicebus\7.16.0\azure-messaging-servicebus-7.16.0.jar;C:\Users\Kranthi Karthan\.m2\repository\com\azure\azure-xml\1.0.0\azure-xml-1.0.0.jar;C:\Users\Kranthi Karthan\.m2\repository\com\azure\azure-core-amqp\2.9.3\azure-core-amqp-2.9.3.jar;C:\Users\Kranthi Karthan\.m2\repository\com\microsoft\azure\qpid-proton-j-extensions\1.2.4\qpid-proton-j-extensions-1.2.4.jar;C:\Users\Kranthi Karthan\.m2\repository\org\apache\qpid\proton-j\0.34.1\proton-j-0.34.1.jar;C:\Users\Kranthi Karthan\.m2\repository\org\springframework\boot\spring-boot-starter-data-redis\3.2.0\spring-boot-starter-data-redis-3.2.0.jar;C:\Users\Kranthi Karthan\.m2\repository\io\lettuce\lettuce-core\6.3.0.RELEASE\lettuce-core-6.3.0.RELEASE.jar;C:\Users\Kranthi Karthan\.m2\repository\io\netty\netty-transport\4.1.101.Final\netty-transport-4.1.101.Final.jar;C:\Users\Kranthi Karthan\.m2\repository\org\springframework\data\spring-data-redis\3.2.0\spring-data-redis-3.2.0.jar;C:\Users\Kranthi Karthan\.m2\repository\org\springframework\data\spring-data-keyvalue\3.2.0\spring-data-keyvalue-3.2.0.jar;C:\Users\Kranthi Karthan\.m2\repository\org\springframework\spring-oxm\6.1.1\spring-oxm-6.1.1.jar;C:\Users\Kranthi Karthan\.m2\repository\org\springframework\spring-context-support\6.1.1\spring-context-support-6.1.1.jar;C:\Users\Kranthi Karthan\.m2\repository\org\springframework\kafka\spring-kafka\3.1.0\spring-kafka-3.1.0.jar;C:\Users\Kranthi Karthan\.m2\repository\org\springframework\spring-context\6.1.1\spring-context-6.1.1.jar;C:\Users\Kranthi Karthan\.m2\repository\org\springframework\spring-messaging\6.1.1\spring-messaging-6.1.1.jar;C:\Users\Kranthi Karthan\.m2\repository\org\springframework\spring-tx\6.1.1\spring-tx-6.1.1.jar;C:\Users\Kranthi Karthan\.m2\repository\org\springframework\retry\spring-retry\2.0.4\spring-retry-2.0.4.jar;C:\Users\Kranthi Karthan\.m2\repository\org\apache\kafka\kafka-clients\3.6.0\kafka-clients-3.6.0.jar;C:\Users\Kranthi Karthan\.m2\repository\com\github\luben\zstd-jni\1.5.5-1\zstd-jni-1.5.5-1.jar;C:\Users\Kranthi Karthan\.m2\repository\org\lz4\lz4-java\1.8.0\lz4-java-1.8.0.jar;C:\Users\Kranthi Karthan\.m2\repository\org\xerial\snappy\snappy-java\1.1.10.4\snappy-java-1.1.10.4.jar;C:\Users\Kranthi Karthan\.m2\repository\com\google\code\findbugs\jsr305\3.0.2\jsr305-3.0.2.jar;C:\Users\Kranthi Karthan\.m2\repository\org\springframework\boot\spring-boot-starter-test\3.2.0\spring-boot-starter-test-3.2.0.jar;C:\Users\Kranthi Karthan\.m2\repository\org\springframework\boot\spring-boot-test\3.2.0\spring-boot-test-3.2.0.jar;C:\Users\Kranthi Karthan\.m2\repository\org\springframework\boot\spring-boot-test-autoconfigure\3.2.0\spring-boot-test-autoconfigure-3.2.0.jar;C:\Users\Kranthi Karthan\.m2\repository\com\jayway\jsonpath\json-path\2.8.0\json-path-2.8.0.jar;C:\Users\Kranthi Karthan\.m2\repository\jakarta\xml\bind\jakarta.xml.bind-api\4.0.1\jakarta.xml.bind-api-4.0.1.jar;C:\Users\Kranthi Karthan\.m2\repository\jakarta\activation\jakarta.activation-api\2.1.2\jakarta.activation-api-2.1.2.jar;C:\Users\Kranthi Karthan\.m2\repository\net\minidev\json-smart\2.5.0\json-smart-2.5.0.jar;C:\Users\Kranthi Karthan\.m2\repository\net\minidev\accessors-smart\2.5.0\accessors-smart-2.5.0.jar;C:\Users\Kranthi Karthan\.m2\repository\org\ow2\asm\asm\9.3\asm-9.3.jar;C:\Users\Kranthi Karthan\.m2\repository\org\assertj\assertj-core\3.24.2\assertj-core-3.24.2.jar;C:\Users\Kranthi Karthan\.m2\repository\org\awaitility\awaitility\4.2.0\awaitility-4.2.0.jar;C:\Users\Kranthi Karthan\.m2\repository\org\hamcrest\hamcrest\2.2\hamcrest-2.2.jar;C:\Users\Kranthi Karthan\.m2\repository\org\mockito\mockito-junit-jupiter\5.7.0\mockito-junit-jupiter-5.7.0.jar;C:\Users\Kranthi Karthan\.m2\repository\org\skyscreamer\jsonassert\1.5.1\jsonassert-1.5.1.jar;C:\Users\Kranthi Karthan\.m2\repository\com\vaadin\external\google\android-json\0.0.20131108.vaadin1\android-json-0.0.20131108.vaadin1.jar;C:\Users\Kranthi Karthan\.m2\repository\org\springframework\spring-core\6.1.1\spring-core-6.1.1.jar;C:\Users\Kranthi Karthan\.m2\repository\org\springframework\spring-jcl\6.1.1\spring-jcl-6.1.1.jar;C:\Users\Kranthi Karthan\.m2\repository\org\springframework\spring-test\6.1.1\spring-test-6.1.1.jar;C:\Users\Kranthi Karthan\.m2\repository\org\xmlunit\xmlunit-core\2.9.1\xmlunit-core-2.9.1.jar;C:\Users\Kranthi Karthan\.m2\repository\org\junit\jupiter\junit-jupiter\5.10.1\junit-jupiter-5.10.1.jar;C:\Users\Kranthi Karthan\.m2\repository\org\junit\jupiter\junit-jupiter-api\5.10.1\junit-jupiter-api-5.10.1.jar;C:\Users\Kranthi Karthan\.m2\repository\org\opentest4j\opentest4j\1.3.0\opentest4j-1.3.0.jar;C:\Users\Kranthi Karthan\.m2\repository\org\junit\platform\junit-platform-commons\1.10.1\junit-platform-commons-1.10.1.jar;C:\Users\Kranthi Karthan\.m2\repository\org\apiguardian\apiguardian-api\1.1.2\apiguardian-api-1.1.2.jar;C:\Users\Kranthi Karthan\.m2\repository\org\junit\jupiter\junit-jupiter-params\5.10.1\junit-jupiter-params-5.10.1.jar;C:\Users\Kranthi Karthan\.m2\repository\org\junit\jupiter\junit-jupiter-engine\5.10.1\junit-jupiter-engine-5.10.1.jar;C:\Users\Kranthi Karthan\.m2\repository\org\junit\platform\junit-platform-engine\1.10.1\junit-platform-engine-1.10.1.jar;C:\Users\Kranthi Karthan\.m2\repository\org\testcontainers\postgresql\1.19.7\postgresql-1.19.7.jar;C:\Users\Kranthi Karthan\.m2\repository\org\testcontainers\jdbc\1.19.3\jdbc-1.19.3.jar;C:\Users\Kranthi Karthan\.m2\repository\org\testcontainers\database-commons\1.19.3\database-commons-1.19.3.jar;C:\Users\Kranthi Karthan\.m2\repository\org\testcontainers\testcontainers\1.19.3\testcontainers-1.19.3.jar;C:\Users\Kranthi Karthan\.m2\repository\junit\junit\4.13.2\junit-4.13.2.jar;C:\Users\Kranthi Karthan\.m2\repository\org\hamcrest\hamcrest-core\2.2\hamcrest-core-2.2.jar;C:\Users\Kranthi Karthan\.m2\repository\org\rnorth\duct-tape\duct-tape\1.0.8\duct-tape-1.0.8.jar;C:\Users\Kranthi Karthan\.m2\repository\org\jetbrains\annotations\17.0.0\annotations-17.0.0.jar;C:\Users\Kranthi Karthan\.m2\repository\com\github\docker-java\docker-java-api\3.3.4\docker-java-api-3.3.4.jar;C:\Users\Kranthi Karthan\.m2\repository\com\github\docker-java\docker-java-transport-zerodep\3.3.4\docker-java-transport-zerodep-3.3.4.jar;C:\Users\Kranthi Karthan\.m2\repository\com\github\docker-java\docker-java-transport\3.3.4\docker-java-transport-3.3.4.jar;C:\Users\Kranthi Karthan\.m2\repository\org\mockito\mockito-core\5.7.0\mockito-core-5.7.0.jar;C:\Users\Kranthi Karthan\.m2\repository\net\bytebuddy\byte-buddy\1.14.10\byte-buddy-1.14.10.jar;C:\Users\Kranthi Karthan\.m2\repository\net\bytebuddy\byte-buddy-agent\1.14.10\byte-buddy-agent-1.14.10.jar;C:\Users\Kranthi Karthan\.m2\repository\org\objenesis\objenesis\3.3\objenesis-3.3.jar;"/>
    <property name="java.vm.vendor" value="Microsoft"/>
    <property name="sun.arch.data.model" value="64"/>
    <property name="user.variant" value=""/>
    <property name="java.vendor.url" value="https://www.microsoft.com"/>
    <property name="user.timezone" value="Asia/Calcutta"/>
    <property name="os.name" value="Windows 11"/>
    <property name="java.vm.specification.version" value="17"/>
    <property name="sun.java.launcher" value="SUN_STANDARD"/>
    <property name="user.country" value="IN"/>
    <property name="sun.boot.library.path" value="C:\Program Files\Microsoft\jdk-17.0.16.8-hotspot\bin"/>
    <property name="sun.java.command" value="C:\Users\Kranthi Karthan\AppData\Local\Temp\surefire4347759712405310377\surefirebooter-20251018180405320_3.jar C:\Users\Kranthi Karthan\AppData\Local\Temp\surefire4347759712405310377 2025-10-18T18-04-04_957-jvmRun1 surefire-20251018180405320_1tmp surefire_0-20251018180405320_2tmp"/>
    <property name="jdk.debug" value="release"/>
    <property name="surefire.test.class.path" value="C:\git\clone\PE\tenant-management-service\target\test-classes;C:\git\clone\PE\tenant-management-service\target\classes;C:\Users\Kranthi Karthan\.m2\repository\com\payments\contracts\0.1.0-SNAPSHOT\contracts-0.1.0-SNAPSHOT.jar;C:\Users\Kranthi Karthan\.m2\repository\com\payments\shared\0.1.0-SNAPSHOT\shared-0.1.0-SNAPSHOT.jar;C:\Users\Kranthi Karthan\.m2\repository\jakarta\persistence\jakarta.persistence-api\3.1.0\jakarta.persistence-api-3.1.0.jar;C:\Users\Kranthi Karthan\.m2\repository\com\fasterxml\jackson\core\jackson-annotations\2.15.3\jackson-annotations-2.15.3.jar;C:\Users\Kranthi Karthan\.m2\repository\io\swagger\core\v3\swagger-annotations\2.2.15\swagger-annotations-2.2.15.jar;C:\Users\Kranthi Karthan\.m2\repository\com\payments\tenant-management\0.1.0-SNAPSHOT\tenant-management-0.1.0-SNAPSHOT.jar;C:\Users\Kranthi Karthan\.m2\repository\com\payments\shared-config\0.1.0-SNAPSHOT\shared-config-0.1.0-SNAPSHOT.jar;C:\Users\Kranthi Karthan\.m2\repository\org\springframework\boot\spring-boot-starter\3.2.0\spring-boot-starter-3.2.0.jar;C:\Users\Kranthi Karthan\.m2\repository\org\springframework\boot\spring-boot\3.2.0\spring-boot-3.2.0.jar;C:\Users\Kranthi Karthan\.m2\repository\org\springframework\boot\spring-boot-autoconfigure\3.2.0\spring-boot-autoconfigure-3.2.0.jar;C:\Users\Kranthi Karthan\.m2\repository\org\springframework\boot\spring-boot-starter-logging\3.2.0\spring-boot-starter-logging-3.2.0.jar;C:\Users\Kranthi Karthan\.m2\repository\ch\qos\logback\logback-classic\1.4.11\logback-classic-1.4.11.jar;C:\Users\Kranthi Karthan\.m2\repository\ch\qos\logback\logback-core\1.4.11\logback-core-1.4.11.jar;C:\Users\Kranthi Karthan\.m2\repository\org\apache\logging\log4j\log4j-to-slf4j\2.21.1\log4j-to-slf4j-2.21.1.jar;C:\Users\Kranthi Karthan\.m2\repository\org\apache\logging\log4j\log4j-api\2.21.1\log4j-api-2.21.1.jar;C:\Users\Kranthi Karthan\.m2\repository\org\slf4j\jul-to-slf4j\2.0.9\jul-to-slf4j-2.0.9.jar;C:\Users\Kranthi Karthan\.m2\repository\jakarta\annotation\jakarta.annotation-api\2.1.1\jakarta.annotation-api-2.1.1.jar;C:\Users\Kranthi Karthan\.m2\repository\org\yaml\snakeyaml\2.2\snakeyaml-2.2.jar;C:\Users\Kranthi Karthan\.m2\repository\org\springframework\boot\spring-boot-configuration-processor\3.2.0\spring-boot-configuration-processor-3.2.0.jar;C:\Users\Kranthi Karthan\.m2\repository\org\springframework\cloud\spring-cloud-starter-config\4.1.0\spring-cloud-starter-config-4.1.0.jar;C:\Users\Kranthi Karthan\.m2\repository\org\springframework\cloud\spring-cloud-starter\4.1.0\spring-cloud-starter-4.1.0.jar;C:\Users\Kranthi Karthan\.m2\repository\org\springframework\cloud\spring-cloud-context\4.1.0\spring-cloud-context-4.1.0.jar;C:\Users\Kranthi Karthan\.m2\repository\org\springframework\cloud\spring-cloud-commons\4.1.0\spring-cloud-commons-4.1.0.jar;C:\Users\Kranthi Karthan\.m2\repository\org\springframework\security\spring-security-rsa\1.1.1\spring-security-rsa-1.1.1.jar;C:\Users\Kranthi Karthan\.m2\repository\org\bouncycastle\bcprov-jdk18on\1.74\bcprov-jdk18on-1.74.jar;C:\Users\Kranthi Karthan\.m2\repository\org\springframework\cloud\spring-cloud-config-client\4.1.0\spring-cloud-config-client-4.1.0.jar;C:\Users\Kranthi Karthan\.m2\repository\com\fasterxml\jackson\core\jackson-databind\2.15.3\jackson-databind-2.15.3.jar;C:\Users\Kranthi Karthan\.m2\repository\org\springframework\cloud\spring-cloud-starter-vault-config\4.1.0\spring-cloud-starter-vault-config-4.1.0.jar;C:\Users\Kranthi Karthan\.m2\repository\org\apache\httpcomponents\client5\httpclient5\5.2.1\httpclient5-5.2.1.jar;C:\Users\Kranthi Karthan\.m2\repository\org\apache\httpcomponents\core5\httpcore5-h2\5.2.3\httpcore5-h2-5.2.3.jar;C:\Users\Kranthi Karthan\.m2\repository\org\apache\httpcomponents\core5\httpcore5\5.2.3\httpcore5-5.2.3.jar;C:\Users\Kranthi Karthan\.m2\repository\org\springframework\cloud\spring-cloud-vault-config\4.1.0\spring-cloud-vault-config-4.1.0.jar;C:\Users\Kranthi Karthan\.m2\repository\org\springframework\vault\spring-vault-core\3.1.0\spring-vault-core-3.1.0.jar;C:\Users\Kranthi Karthan\.m2\repository\org\springframework\cloud\spring-cloud-starter-consul-config\4.1.0\spring-cloud-starter-consul-config-4.1.0.jar;C:\Users\Kranthi Karthan\.m2\repository\org\springframework\cloud\spring-cloud-starter-consul\4.1.0\spring-cloud-starter-consul-4.1.0.jar;C:\Users\Kranthi Karthan\.m2\repository\org\springframework\cloud\spring-cloud-consul-core\4.1.0\spring-cloud-consul-core-4.1.0.jar;C:\Users\Kranthi Karthan\.m2\repository\com\ecwid\consul\consul-api\1.4.5\consul-api-1.4.5.jar;C:\Users\Kranthi Karthan\.m2\repository\org\apache\httpcomponents\httpclient\4.5.14\httpclient-4.5.14.jar;C:\Users\Kranthi Karthan\.m2\repository\commons-logging\commons-logging\1.2\commons-logging-1.2.jar;C:\Users\Kranthi Karthan\.m2\repository\commons-codec\commons-codec\1.16.0\commons-codec-1.16.0.jar;C:\Users\Kranthi Karthan\.m2\repository\org\apache\httpcomponents\httpcore\4.4.16\httpcore-4.4.16.jar;C:\Users\Kranthi Karthan\.m2\repository\org\springframework\cloud\spring-cloud-consul-config\4.1.0\spring-cloud-consul-config-4.1.0.jar;C:\Users\Kranthi Karthan\.m2\repository\org\springframework\cloud\spring-cloud-starter-kubernetes-client-config\3.1.0\spring-cloud-starter-kubernetes-client-config-3.1.0.jar;C:\Users\Kranthi Karthan\.m2\repository\org\springframework\cloud\spring-cloud-kubernetes-client-config\3.1.0\spring-cloud-kubernetes-client-config-3.1.0.jar;C:\Users\Kranthi Karthan\.m2\repository\org\springframework\cloud\spring-cloud-kubernetes-client-autoconfig\3.1.0\spring-cloud-kubernetes-client-autoconfig-3.1.0.jar;C:\Users\Kranthi Karthan\.m2\repository\org\springframework\cloud\spring-cloud-kubernetes-commons\3.1.0\spring-cloud-kubernetes-commons-3.1.0.jar;C:\Users\Kranthi Karthan\.m2\repository\io\kubernetes\client-java\19.0.0\client-java-19.0.0.jar;C:\Users\Kranthi Karthan\.m2\repository\io\prometheus\simpleclient_httpserver\0.16.0\simpleclient_httpserver-0.16.0.jar;C:\Users\Kranthi Karthan\.m2\repository\io\kubernetes\client-java-api\19.0.0\client-java-api-19.0.0.jar;C:\Users\Kranthi Karthan\.m2\repository\javax\annotation\javax.annotation-api\1.3.2\javax.annotation-api-1.3.2.jar;C:\Users\Kranthi Karthan\.m2\repository\io\swagger\swagger-annotations\1.6.11\swagger-annotations-1.6.11.jar;C:\Users\Kranthi Karthan\.m2\repository\com\squareup\okhttp3\logging-interceptor\4.12.0\logging-interceptor-4.12.0.jar;C:\Users\Kranthi Karthan\.m2\repository\io\gsonfire\gson-fire\1.8.5\gson-fire-1.8.5.jar;C:\Users\Kranthi Karthan\.m2\repository\io\kubernetes\client-java-proto\19.0.0\client-java-proto-19.0.0.jar;C:\Users\Kranthi Karthan\.m2\repository\org\apache\commons\commons-compress\1.24.0\commons-compress-1.24.0.jar;C:\Users\Kranthi Karthan\.m2\repository\org\apache\commons\commons-lang3\3.13.0\commons-lang3-3.13.0.jar;C:\Users\Kranthi Karthan\.m2\repository\commons-io\commons-io\2.14.0\commons-io-2.14.0.jar;C:\Users\Kranthi Karthan\.m2\repository\org\bouncycastle\bcpkix-jdk18on\1.76\bcpkix-jdk18on-1.76.jar;C:\Users\Kranthi Karthan\.m2\repository\org\bouncycastle\bcutil-jdk18on\1.76\bcutil-jdk18on-1.76.jar;C:\Users\Kranthi Karthan\.m2\repository\com\google\protobuf\protobuf-java\3.24.3\protobuf-java-3.24.3.jar;C:\Users\Kranthi Karthan\.m2\repository\org\apache\commons\commons-collections4\4.4\commons-collections4-4.4.jar;C:\Users\Kranthi Karthan\.m2\repository\org\bitbucket\b_c\jose4j\0.9.3\jose4j-0.9.3.jar;C:\Users\Kranthi Karthan\.m2\repository\io\kubernetes\client-java-extended\19.0.0\client-java-extended-19.0.0.jar;C:\Users\Kranthi Karthan\.m2\repository\io\kubernetes\client-java-api-fluent\19.0.0\client-java-api-fluent-19.0.0.jar;C:\Users\Kranthi Karthan\.m2\repository\com\github\vladimir-bukhtoyarov\bucket4j-core\7.6.0\bucket4j-core-7.6.0.jar;C:\Users\Kranthi Karthan\.m2\repository\com\flipkart\zjsonpatch\zjsonpatch\0.4.14\zjsonpatch-0.4.14.jar;C:\Users\Kranthi Karthan\.m2\repository\com\github\ben-manes\caffeine\caffeine\3.1.8\caffeine-3.1.8.jar;C:\Users\Kranthi Karthan\.m2\repository\com\google\errorprone\error_prone_annotations\2.21.1\error_prone_annotations-2.21.1.jar;C:\Users\Kranthi Karthan\.m2\repository\org\springframework\boot\spring-boot-starter-security\3.2.0\spring-boot-starter-security-3.2.0.jar;C:\Users\Kranthi Karthan\.m2\repository\org\springframework\spring-aop\6.1.1\spring-aop-6.1.1.jar;C:\Users\Kranthi Karthan\.m2\repository\org\springframework\security\spring-security-config\6.2.0\spring-security-config-6.2.0.jar;C:\Users\Kranthi Karthan\.m2\repository\org\springframework\security\spring-security-core\6.2.0\spring-security-core-6.2.0.jar;C:\Users\Kranthi Karthan\.m2\repository\org\springframework\security\spring-security-web\6.2.0\spring-security-web-6.2.0.jar;C:\Users\Kranthi Karthan\.m2\repository\org\springframework\security\spring-security-crypto\6.2.0\spring-security-crypto-6.2.0.jar;C:\Users\Kranthi Karthan\.m2\repository\com\github\ulisesbocchio\jasypt-spring-boot-starter\3.0.5\jasypt-spring-boot-starter-3.0.5.jar;C:\Users\Kranthi Karthan\.m2\repository\com\github\ulisesbocchio\jasypt-spring-boot\3.0.5\jasypt-spring-boot-3.0.5.jar;C:\Users\Kranthi Karthan\.m2\repository\org\jasypt\jasypt\1.9.3\jasypt-1.9.3.jar;C:\Users\Kranthi Karthan\.m2\repository\com\payments\shared-telemetry\0.1.0-SNAPSHOT\shared-telemetry-0.1.0-SNAPSHOT.jar;C:\Users\Kranthi Karthan\.m2\repository\io\opentelemetry\opentelemetry-api\1.31.0\opentelemetry-api-1.31.0.jar;C:\Users\Kranthi Karthan\.m2\repository\io\opentelemetry\opentelemetry-context\1.31.0\opentelemetry-context-1.31.0.jar;C:\Users\Kranthi Karthan\.m2\repository\io\opentelemetry\opentelemetry-sdk\1.31.0\opentelemetry-sdk-1.31.0.jar;C:\Users\Kranthi Karthan\.m2\repository\io\opentelemetry\opentelemetry-sdk-common\1.31.0\opentelemetry-sdk-common-1.31.0.jar;C:\Users\Kranthi Karthan\.m2\repository\io\opentelemetry\opentelemetry-sdk-trace\1.31.0\opentelemetry-sdk-trace-1.31.0.jar;C:\Users\Kranthi Karthan\.m2\repository\io\opentelemetry\opentelemetry-sdk-metrics\1.31.0\opentelemetry-sdk-metrics-1.31.0.jar;C:\Users\Kranthi Karthan\.m2\repository\io\opentelemetry\opentelemetry-extension-incubator\1.31.0-alpha\opentelemetry-extension-incubator-1.31.0-alpha.jar;C:\Users\Kranthi Karthan\.m2\repository\io\opentelemetry\opentelemetry-sdk-logs\1.31.0\opentelemetry-sdk-logs-1.31.0.jar;C:\Users\Kranthi Karthan\.m2\repository\io\opentelemetry\opentelemetry-api-events\1.31.0-alpha\opentelemetry-api-events-1.31.0-alpha.jar;C:\Users\Kranthi Karthan\.m2\repository\io\opentelemetry\opentelemetry-exporter-jaeger\1.31.0\opentelemetry-exporter-jaeger-1.31.0.jar;C:\Users\Kranthi Karthan\.m2\repository\io\opentelemetry\opentelemetry-exporter-common\1.31.0\opentelemetry-exporter-common-1.31.0.jar;C:\Users\Kranthi Karthan\.m2\repository\io\opentelemetry\opentelemetry-exporter-sender-okhttp\1.31.0\opentelemetry-exporter-sender-okhttp-1.31.0.jar;C:\Users\Kranthi Karthan\.m2\repository\com\squareup\okhttp3\okhttp\4.12.0\okhttp-4.12.0.jar;C:\Users\Kranthi Karthan\.m2\repository\com\squareup\okio\okio\3.6.0\okio-3.6.0.jar;C:\Users\Kranthi Karthan\.m2\repository\com\squareup\okio\okio-jvm\3.6.0\okio-jvm-3.6.0.jar;C:\Users\Kranthi Karthan\.m2\repository\org\jetbrains\kotlin\kotlin-stdlib-common\1.9.20\kotlin-stdlib-common-1.9.20.jar;C:\Users\Kranthi Karthan\.m2\repository\org\jetbrains\kotlin\kotlin-stdlib-jdk8\1.9.20\kotlin-stdlib-jdk8-1.9.20.jar;C:\Users\Kranthi Karthan\.m2\repository\org\jetbrains\kotlin\kotlin-stdlib\1.9.20\kotlin-stdlib-1.9.20.jar;C:\Users\Kranthi Karthan\.m2\repository\org\jetbrains\kotlin\kotlin-stdlib-jdk7\1.9.20\kotlin-stdlib-jdk7-1.9.20.jar;C:\Users\Kranthi Karthan\.m2\repository\io\opentelemetry\opentelemetry-sdk-extension-autoconfigure-spi\1.31.0\opentelemetry-sdk-extension-autoconfigure-spi-1.31.0.jar;C:\Users\Kranthi Karthan\.m2\repository\com\fasterxml\jackson\jr\jackson-jr-objects\2.15.3\jackson-jr-objects-2.15.3.jar;C:\Users\Kranthi Karthan\.m2\repository\io\opentelemetry\opentelemetry-exporter-zipkin\1.31.0\opentelemetry-exporter-zipkin-1.31.0.jar;C:\Users\Kranthi Karthan\.m2\repository\io\zipkin\reporter2\zipkin-reporter\2.16.3\zipkin-reporter-2.16.3.jar;C:\Users\Kranthi Karthan\.m2\repository\io\zipkin\zipkin2\zipkin\2.23.2\zipkin-2.23.2.jar;C:\Users\Kranthi Karthan\.m2\repository\io\zipkin\reporter2\zipkin-sender-okhttp3\2.16.3\zipkin-sender-okhttp3-2.16.3.jar;C:\Users\Kranthi Karthan\.m2\repository\io\opentelemetry\opentelemetry-exporter-otlp\1.31.0\opentelemetry-exporter-otlp-1.31.0.jar;C:\Users\Kranthi Karthan\.m2\repository\io\opentelemetry\opentelemetry-exporter-otlp-common\1.31.0\opentelemetry-exporter-otlp-common-1.31.0.jar;C:\Users\Kranthi Karthan\.m2\repository\org\springframework\spring-aspects\6.1.1\spring-aspects-6.1.1.jar;C:\Users\Kranthi Karthan\.m2\repository\org\aspectj\aspectjweaver\1.9.20.1\aspectjweaver-1.9.20.1.jar;C:\Users\Kranthi Karthan\.m2\repository\io\micrometer\micrometer-registry-prometheus\1.12.0\micrometer-registry-prometheus-1.12.0.jar;C:\Users\Kranthi Karthan\.m2\repository\io\micrometer\micrometer-core\1.12.0\micrometer-core-1.12.0.jar;C:\Users\Kranthi Karthan\.m2\repository\org\hdrhistogram\HdrHistogram\2.1.12\HdrHistogram-2.1.12.jar;C:\Users\Kranthi Karthan\.m2\repository\org\latencyutils\LatencyUtils\2.0.3\LatencyUtils-2.0.3.jar;C:\Users\Kranthi Karthan\.m2\repository\io\prometheus\simpleclient_common\0.16.0\simpleclient_common-0.16.0.jar;C:\Users\Kranthi Karthan\.m2\repository\io\prometheus\simpleclient\0.16.0\simpleclient-0.16.0.jar;C:\Users\Kranthi Karthan\.m2\repository\io\prometheus\simpleclient_tracer_otel\0.16.0\simpleclient_tracer_otel-0.16.0.jar;C:\Users\Kranthi Karthan\.m2\repository\io\prometheus\simpleclient_tracer_common\0.16.0\simpleclient_tracer_common-0.16.0.jar;C:\Users\Kranthi Karthan\.m2\repository\io\prometheus\simpleclient_tracer_otel_agent\0.16.0\simpleclient_tracer_otel_agent-0.16.0.jar;C:\Users\Kranthi Karthan\.m2\repository\net\logstash\logback\logstash-logback-encoder\7.4\logstash-logback-encoder-7.4.jar;C:\Users\Kranthi Karthan\.m2\repository\org\springframework\boot\spring-boot-starter-web\3.2.0\spring-boot-starter-web-3.2.0.jar;C:\Users\Kranthi Karthan\.m2\repository\org\springframework\boot\spring-boot-starter-json\3.2.0\spring-boot-starter-json-3.2.0.jar;C:\Users\Kranthi Karthan\.m2\repository\com\fasterxml\jackson\datatype\jackson-datatype-jdk8\2.15.3\jackson-datatype-jdk8-2.15.3.jar;C:\Users\Kranthi Karthan\.m2\repository\com\fasterxml\jackson\datatype\jackson-datatype-jsr310\2.15.3\jackson-datatype-jsr310-2.15.3.jar;C:\Users\Kranthi Karthan\.m2\repository\com\fasterxml\jackson\module\jackson-module-parameter-names\2.15.3\jackson-module-parameter-names-2.15.3.jar;C:\Users\Kranthi Karthan\.m2\repository\org\springframework\boot\spring-boot-starter-tomcat\3.2.0\spring-boot-starter-tomcat-3.2.0.jar;C:\Users\Kranthi Karthan\.m2\repository\org\apache\tomcat\embed\tomcat-embed-core\10.1.16\tomcat-embed-core-10.1.16.jar;C:\Users\Kranthi Karthan\.m2\repository\org\apache\tomcat\embed\tomcat-embed-websocket\10.1.16\tomcat-embed-websocket-10.1.16.jar;C:\Users\Kranthi Karthan\.m2\repository\org\springframework\spring-web\6.1.1\spring-web-6.1.1.jar;C:\Users\Kranthi Karthan\.m2\repository\org\springframework\spring-beans\6.1.1\spring-beans-6.1.1.jar;C:\Users\Kranthi Karthan\.m2\repository\org\springframework\spring-webmvc\6.1.1\spring-webmvc-6.1.1.jar;C:\Users\Kranthi Karthan\.m2\repository\org\springframework\spring-expression\6.1.1\spring-expression-6.1.1.jar;C:\Users\Kranthi Karthan\.m2\repository\org\springframework\boot\spring-boot-starter-validation\3.2.0\spring-boot-starter-validation-3.2.0.jar;C:\Users\Kranthi Karthan\.m2\repository\org\apache\tomcat\embed\tomcat-embed-el\10.1.16\tomcat-embed-el-10.1.16.jar;C:\Users\Kranthi Karthan\.m2\repository\org\hibernate\validator\hibernate-validator\8.0.1.Final\hibernate-validator-8.0.1.Final.jar;C:\Users\Kranthi Karthan\.m2\repository\jakarta\validation\jakarta.validation-api\3.0.2\jakarta.validation-api-3.0.2.jar;C:\Users\Kranthi Karthan\.m2\repository\org\jboss\logging\jboss-logging\3.5.3.Final\jboss-logging-3.5.3.Final.jar;C:\Users\Kranthi Karthan\.m2\repository\com\fasterxml\classmate\1.6.0\classmate-1.6.0.jar;C:\Users\Kranthi Karthan\.m2\repository\org\springframework\boot\spring-boot-starter-data-jpa\3.2.0\spring-boot-starter-data-jpa-3.2.0.jar;C:\Users\Kranthi Karthan\.m2\repository\org\springframework\boot\spring-boot-starter-aop\3.2.0\spring-boot-starter-aop-3.2.0.jar;C:\Users\Kranthi Karthan\.m2\repository\org\springframework\boot\spring-boot-starter-jdbc\3.2.0\spring-boot-starter-jdbc-3.2.0.jar;C:\Users\Kranthi Karthan\.m2\repository\com\zaxxer\HikariCP\5.0.1\HikariCP-5.0.1.jar;C:\Users\Kranthi Karthan\.m2\repository\org\springframework\spring-jdbc\6.1.1\spring-jdbc-6.1.1.jar;C:\Users\Kranthi Karthan\.m2\repository\org\hibernate\orm\hibernate-core\6.3.1.Final\hibernate-core-6.3.1.Final.jar;C:\Users\Kranthi Karthan\.m2\repository\jakarta\transaction\jakarta.transaction-api\2.0.1\jakarta.transaction-api-2.0.1.jar;C:\Users\Kranthi Karthan\.m2\repository\org\hibernate\common\hibernate-commons-annotations\6.0.6.Final\hibernate-commons-annotations-6.0.6.Final.jar;C:\Users\Kranthi Karthan\.m2\repository\io\smallrye\jandex\3.1.2\jandex-3.1.2.jar;C:\Users\Kranthi Karthan\.m2\repository\org\glassfish\jaxb\jaxb-runtime\4.0.4\jaxb-runtime-4.0.4.jar;C:\Users\Kranthi Karthan\.m2\repository\org\glassfish\jaxb\jaxb-core\4.0.4\jaxb-core-4.0.4.jar;C:\Users\Kranthi Karthan\.m2\repository\org\eclipse\angus\angus-activation\2.0.1\angus-activation-2.0.1.jar;C:\Users\Kranthi Karthan\.m2\repository\org\glassfish\jaxb\txw2\4.0.4\txw2-4.0.4.jar;C:\Users\Kranthi Karthan\.m2\repository\com\sun\istack\istack-commons-runtime\4.1.2\istack-commons-runtime-4.1.2.jar;C:\Users\Kranthi Karthan\.m2\repository\jakarta\inject\jakarta.inject-api\2.0.1\jakarta.inject-api-2.0.1.jar;C:\Users\Kranthi Karthan\.m2\repository\org\antlr\antlr4-runtime\4.10.1\antlr4-runtime-4.10.1.jar;C:\Users\Kranthi Karthan\.m2\repository\org\springframework\data\spring-data-jpa\3.2.0\spring-data-jpa-3.2.0.jar;C:\Users\Kranthi Karthan\.m2\repository\org\springframework\data\spring-data-commons\3.2.0\spring-data-commons-3.2.0.jar;C:\Users\Kranthi Karthan\.m2\repository\org\springframework\spring-orm\6.1.1\spring-orm-6.1.1.jar;C:\Users\Kranthi Karthan\.m2\repository\org\slf4j\slf4j-api\2.0.9\slf4j-api-2.0.9.jar;C:\Users\Kranthi Karthan\.m2\repository\org\springframework\boot\spring-boot-starter-actuator\3.2.0\spring-boot-starter-actuator-3.2.0.jar;C:\Users\Kranthi Karthan\.m2\repository\org\springframework\boot\spring-boot-actuator-autoconfigure\3.2.0\spring-boot-actuator-autoconfigure-3.2.0.jar;C:\Users\Kranthi Karthan\.m2\repository\org\springframework\boot\spring-boot-actuator\3.2.0\spring-boot-actuator-3.2.0.jar;C:\Users\Kranthi Karthan\.m2\repository\io\micrometer\micrometer-observation\1.12.0\micrometer-observation-1.12.0.jar;C:\Users\Kranthi Karthan\.m2\repository\io\micrometer\micrometer-commons\1.12.0\micrometer-commons-1.12.0.jar;C:\Users\Kranthi Karthan\.m2\repository\io\micrometer\micrometer-jakarta9\1.12.0\micrometer-jakarta9-1.12.0.jar;C:\Users\Kranthi Karthan\.m2\repository\org\springdoc\springdoc-openapi-starter-webmvc-ui\2.2.0\springdoc-openapi-starter-webmvc-ui-2.2.0.jar;C:\Users\Kranthi Karthan\.m2\repository\org\springdoc\springdoc-openapi-starter-webmvc-api\2.2.0\springdoc-openapi-starter-webmvc-api-2.2.0.jar;C:\Users\Kranthi Karthan\.m2\repository\org\springdoc\springdoc-openapi-starter-common\2.2.0\springdoc-openapi-starter-common-2.2.0.jar;C:\Users\Kranthi Karthan\.m2\repository\io\swagger\core\v3\swagger-core-jakarta\2.2.15\swagger-core-jakarta-2.2.15.jar;C:\Users\Kranthi Karthan\.m2\repository\io\swagger\core\v3\swagger-annotations-jakarta\2.2.15\swagger-annotations-jakarta-2.2.15.jar;C:\Users\Kranthi Karthan\.m2\repository\io\swagger\core\v3\swagger-models-jakarta\2.2.15\swagger-models-jakarta-2.2.15.jar;C:\Users\Kranthi Karthan\.m2\repository\com\fasterxml\jackson\dataformat\jackson-dataformat-yaml\2.15.3\jackson-dataformat-yaml-2.15.3.jar;C:\Users\Kranthi Karthan\.m2\repository\org\webjars\swagger-ui\5.2.0\swagger-ui-5.2.0.jar;C:\Users\Kranthi Karthan\.m2\repository\org\postgresql\postgresql\42.6.0\postgresql-42.6.0.jar;C:\Users\Kranthi Karthan\.m2\repository\org\checkerframework\checker-qual\3.31.0\checker-qual-3.31.0.jar;C:\Users\Kranthi Karthan\.m2\repository\org\flywaydb\flyway-core\9.22.3\flyway-core-9.22.3.jar;C:\Users\Kranthi Karthan\.m2\repository\com\fasterxml\jackson\dataformat\jackson-dataformat-toml\2.15.3\jackson-dataformat-toml-2.15.3.jar;C:\Users\Kranthi Karthan\.m2\repository\com\fasterxml\jackson\core\jackson-core\2.15.3\jackson-core-2.15.3.jar;C:\Users\Kranthi Karthan\.m2\repository\com\google\code\gson\gson\2.10.1\gson-2.10.1.jar;C:\Users\Kranthi Karthan\.m2\repository\org\projectlombok\lombok\1.18.30\lombok-1.18.30.jar;C:\Users\Kranthi Karthan\.m2\repository\com\azure\azure-identity\1.11.4\azure-identity-1.11.4.jar;C:\Users\Kranthi Karthan\.m2\repository\com\azure\azure-core\1.47.0\azure-core-1.47.0.jar;C:\Users\Kranthi Karthan\.m2\repository\com\azure\azure-json\1.1.0\azure-json-1.1.0.jar;C:\Users\Kranthi Karthan\.m2\repository\io\projectreactor\reactor-core\3.6.0\reactor-core-3.6.0.jar;C:\Users\Kranthi Karthan\.m2\repository\org\reactivestreams\reactive-streams\1.0.4\reactive-streams-1.0.4.jar;C:\Users\Kranthi Karthan\.m2\repository\com\azure\azure-core-http-netty\1.14.1\azure-core-http-netty-1.14.1.jar;C:\Users\Kranthi Karthan\.m2\repository\io\netty\netty-handler\4.1.101.Final\netty-handler-4.1.101.Final.jar;C:\Users\Kranthi Karthan\.m2\repository\io\netty\netty-resolver\4.1.101.Final\netty-resolver-4.1.101.Final.jar;C:\Users\Kranthi Karthan\.m2\repository\io\netty\netty-handler-proxy\4.1.101.Final\netty-handler-proxy-4.1.101.Final.jar;C:\Users\Kranthi Karthan\.m2\repository\io\netty\netty-codec-socks\4.1.101.Final\netty-codec-socks-4.1.101.Final.jar;C:\Users\Kranthi Karthan\.m2\repository\io\netty\netty-buffer\4.1.101.Final\netty-buffer-4.1.101.Final.jar;C:\Users\Kranthi Karthan\.m2\repository\io\netty\netty-codec\4.1.101.Final\netty-codec-4.1.101.Final.jar;C:\Users\Kranthi Karthan\.m2\repository\io\netty\netty-codec-http\4.1.101.Final\netty-codec-http-4.1.101.Final.jar;C:\Users\Kranthi Karthan\.m2\repository\io\netty\netty-codec-http2\4.1.101.Final\netty-codec-http2-4.1.101.Final.jar;C:\Users\Kranthi Karthan\.m2\repository\io\netty\netty-transport-native-unix-common\4.1.101.Final\netty-transport-native-unix-common-4.1.101.Final.jar;C:\Users\Kranthi Karthan\.m2\repository\io\netty\netty-transport-native-epoll\4.1.101.Final\netty-transport-native-epoll-4.1.101.Final-linux-x86_64.jar;C:\Users\Kranthi Karthan\.m2\repository\io\netty\netty-transport-classes-epoll\4.1.101.Final\netty-transport-classes-epoll-4.1.101.Final.jar;C:\Users\Kranthi Karthan\.m2\repository\io\netty\netty-transport-native-kqueue\4.1.101.Final\netty-transport-native-kqueue-4.1.101.Final-osx-x86_64.jar;C:\Users\Kranthi Karthan\.m2\repository\io\netty\netty-transport-classes-kqueue\4.1.101.Final\netty-transport-classes-kqueue-4.1.101.Final.jar;C:\Users\Kranthi Karthan\.m2\repository\io\netty\netty-tcnative-boringssl-static\2.0.61.Final\netty-tcnative-boringssl-static-2.0.61.Final.jar;C:\Users\Kranthi Karthan\.m2\repository\io\netty\netty-tcnative-classes\2.0.61.Final\netty-tcnative-classes-2.0.61.Final.jar;C:\Users\Kranthi Karthan\.m2\repository\io\netty\netty-tcnative-boringssl-static\2.0.61.Final\netty-tcnative-boringssl-static-2.0.61.Final-linux-x86_64.jar;C:\Users\Kranthi Karthan\.m2\repository\io\netty\netty-tcnative-boringssl-static\2.0.61.Final\netty-tcnative-boringssl-static-2.0.61.Final-linux-aarch_64.jar;C:\Users\Kranthi Karthan\.m2\repository\io\netty\netty-tcnative-boringssl-static\2.0.61.Final\netty-tcnative-boringssl-static-2.0.61.Final-osx-x86_64.jar;C:\Users\Kranthi Karthan\.m2\repository\io\netty\netty-tcnative-boringssl-static\2.0.61.Final\netty-tcnative-boringssl-static-2.0.61.Final-osx-aarch_64.jar;C:\Users\Kranthi Karthan\.m2\repository\io\netty\netty-tcnative-boringssl-static\2.0.61.Final\netty-tcnative-boringssl-static-2.0.61.Final-windows-x86_64.jar;C:\Users\Kranthi Karthan\.m2\repository\io\projectreactor\netty\reactor-netty-http\1.1.13\reactor-netty-http-1.1.13.jar;C:\Users\Kranthi Karthan\.m2\repository\io\netty\netty-resolver-dns\4.1.101.Final\netty-resolver-dns-4.1.101.Final.jar;C:\Users\Kranthi Karthan\.m2\repository\io\netty\netty-codec-dns\4.1.101.Final\netty-codec-dns-4.1.101.Final.jar;C:\Users\Kranthi Karthan\.m2\repository\io\netty\netty-resolver-dns-native-macos\4.1.101.Final\netty-resolver-dns-native-macos-4.1.101.Final-osx-x86_64.jar;C:\Users\Kranthi Karthan\.m2\repository\io\netty\netty-resolver-dns-classes-macos\4.1.101.Final\netty-resolver-dns-classes-macos-4.1.101.Final.jar;C:\Users\Kranthi Karthan\.m2\repository\io\projectreactor\netty\reactor-netty-core\1.1.13\reactor-netty-core-1.1.13.jar;C:\Users\Kranthi Karthan\.m2\repository\io\netty\netty-common\4.1.101.Final\netty-common-4.1.101.Final.jar;C:\Users\Kranthi Karthan\.m2\repository\com\microsoft\azure\msal4j\1.14.3\msal4j-1.14.3.jar;C:\Users\Kranthi Karthan\.m2\repository\com\nimbusds\oauth2-oidc-sdk\11.9.1\oauth2-oidc-sdk-11.9.1.jar;C:\Users\Kranthi Karthan\.m2\repository\com\github\stephenc\jcip\jcip-annotations\1.0-1\jcip-annotations-1.0-1.jar;C:\Users\Kranthi Karthan\.m2\repository\com\nimbusds\content-type\2.3\content-type-2.3.jar;C:\Users\Kranthi Karthan\.m2\repository\com\nimbusds\lang-tag\1.7\lang-tag-1.7.jar;C:\Users\Kranthi Karthan\.m2\repository\com\nimbusds\nimbus-jose-jwt\9.37.3\nimbus-jose-jwt-9.37.3.jar;C:\Users\Kranthi Karthan\.m2\repository\com\microsoft\azure\msal4j-persistence-extension\1.2.0\msal4j-persistence-extension-1.2.0.jar;C:\Users\Kranthi Karthan\.m2\repository\net\java\dev\jna\jna\5.13.0\jna-5.13.0.jar;C:\Users\Kranthi Karthan\.m2\repository\net\java\dev\jna\jna-platform\5.6.0\jna-platform-5.6.0.jar;C:\Users\Kranthi Karthan\.m2\repository\com\azure\spring\spring-cloud-azure-starter-servicebus\5.12.0\spring-cloud-azure-starter-servicebus-5.12.0.jar;C:\Users\Kranthi Karthan\.m2\repository\com\azure\spring\spring-cloud-azure-starter\5.12.0\spring-cloud-azure-starter-5.12.0.jar;C:\Users\Kranthi Karthan\.m2\repository\com\azure\spring\spring-cloud-azure-autoconfigure\5.12.0\spring-cloud-azure-autoconfigure-5.12.0.jar;C:\Users\Kranthi Karthan\.m2\repository\com\azure\spring\spring-cloud-azure-service\5.12.0\spring-cloud-azure-service-5.12.0.jar;C:\Users\Kranthi Karthan\.m2\repository\com\azure\spring\spring-cloud-azure-core\5.12.0\spring-cloud-azure-core-5.12.0.jar;C:\Users\Kranthi Karthan\.m2\repository\com\azure\azure-core-management\1.13.0\azure-core-management-1.13.0.jar;C:\Users\Kranthi Karthan\.m2\repository\com\azure\azure-messaging-servicebus\7.16.0\azure-messaging-servicebus-7.16.0.jar;C:\Users\Kranthi Karthan\.m2\repository\com\azure\azure-xml\1.0.0\azure-xml-1.0.0.jar;C:\Users\Kranthi Karthan\.m2\repository\com\azure\azure-core-amqp\2.9.3\azure-core-amqp-2.9.3.jar;C:\Users\Kranthi Karthan\.m2\repository\com\microsoft\azure\qpid-proton-j-extensions\1.2.4\qpid-proton-j-extensions-1.2.4.jar;C:\Users\Kranthi Karthan\.m2\repository\org\apache\qpid\proton-j\0.34.1\proton-j-0.34.1.jar;C:\Users\Kranthi Karthan\.m2\repository\org\springframework\boot\spring-boot-starter-data-redis\3.2.0\spring-boot-starter-data-redis-3.2.0.jar;C:\Users\Kranthi Karthan\.m2\repository\io\lettuce\lettuce-core\6.3.0.RELEASE\lettuce-core-6.3.0.RELEASE.jar;C:\Users\Kranthi Karthan\.m2\repository\io\netty\netty-transport\4.1.101.Final\netty-transport-4.1.101.Final.jar;C:\Users\Kranthi Karthan\.m2\repository\org\springframework\data\spring-data-redis\3.2.0\spring-data-redis-3.2.0.jar;C:\Users\Kranthi Karthan\.m2\repository\org\springframework\data\spring-data-keyvalue\3.2.0\spring-data-keyvalue-3.2.0.jar;C:\Users\Kranthi Karthan\.m2\repository\org\springframework\spring-oxm\6.1.1\spring-oxm-6.1.1.jar;C:\Users\Kranthi Karthan\.m2\repository\org\springframework\spring-context-support\6.1.1\spring-context-support-6.1.1.jar;C:\Users\Kranthi Karthan\.m2\repository\org\springframework\kafka\spring-kafka\3.1.0\spring-kafka-3.1.0.jar;C:\Users\Kranthi Karthan\.m2\repository\org\springframework\spring-context\6.1.1\spring-context-6.1.1.jar;C:\Users\Kranthi Karthan\.m2\repository\org\springframework\spring-messaging\6.1.1\spring-messaging-6.1.1.jar;C:\Users\Kranthi Karthan\.m2\repository\org\springframework\spring-tx\6.1.1\spring-tx-6.1.1.jar;C:\Users\Kranthi Karthan\.m2\repository\org\springframework\retry\spring-retry\2.0.4\spring-retry-2.0.4.jar;C:\Users\Kranthi Karthan\.m2\repository\org\apache\kafka\kafka-clients\3.6.0\kafka-clients-3.6.0.jar;C:\Users\Kranthi Karthan\.m2\repository\com\github\luben\zstd-jni\1.5.5-1\zstd-jni-1.5.5-1.jar;C:\Users\Kranthi Karthan\.m2\repository\org\lz4\lz4-java\1.8.0\lz4-java-1.8.0.jar;C:\Users\Kranthi Karthan\.m2\repository\org\xerial\snappy\snappy-java\1.1.10.4\snappy-java-1.1.10.4.jar;C:\Users\Kranthi Karthan\.m2\repository\com\google\code\findbugs\jsr305\3.0.2\jsr305-3.0.2.jar;C:\Users\Kranthi Karthan\.m2\repository\org\springframework\boot\spring-boot-starter-test\3.2.0\spring-boot-starter-test-3.2.0.jar;C:\Users\Kranthi Karthan\.m2\repository\org\springframework\boot\spring-boot-test\3.2.0\spring-boot-test-3.2.0.jar;C:\Users\Kranthi Karthan\.m2\repository\org\springframework\boot\spring-boot-test-autoconfigure\3.2.0\spring-boot-test-autoconfigure-3.2.0.jar;C:\Users\Kranthi Karthan\.m2\repository\com\jayway\jsonpath\json-path\2.8.0\json-path-2.8.0.jar;C:\Users\Kranthi Karthan\.m2\repository\jakarta\xml\bind\jakarta.xml.bind-api\4.0.1\jakarta.xml.bind-api-4.0.1.jar;C:\Users\Kranthi Karthan\.m2\repository\jakarta\activation\jakarta.activation-api\2.1.2\jakarta.activation-api-2.1.2.jar;C:\Users\Kranthi Karthan\.m2\repository\net\minidev\json-smart\2.5.0\json-smart-2.5.0.jar;C:\Users\Kranthi Karthan\.m2\repository\net\minidev\accessors-smart\2.5.0\accessors-smart-2.5.0.jar;C:\Users\Kranthi Karthan\.m2\repository\org\ow2\asm\asm\9.3\asm-9.3.jar;C:\Users\Kranthi Karthan\.m2\repository\org\assertj\assertj-core\3.24.2\assertj-core-3.24.2.jar;C:\Users\Kranthi Karthan\.m2\repository\org\awaitility\awaitility\4.2.0\awaitility-4.2.0.jar;C:\Users\Kranthi Karthan\.m2\repository\org\hamcrest\hamcrest\2.2\hamcrest-2.2.jar;C:\Users\Kranthi Karthan\.m2\repository\org\mockito\mockito-junit-jupiter\5.7.0\mockito-junit-jupiter-5.7.0.jar;C:\Users\Kranthi Karthan\.m2\repository\org\skyscreamer\jsonassert\1.5.1\jsonassert-1.5.1.jar;C:\Users\Kranthi Karthan\.m2\repository\com\vaadin\external\google\android-json\0.0.20131108.vaadin1\android-json-0.0.20131108.vaadin1.jar;C:\Users\Kranthi Karthan\.m2\repository\org\springframework\spring-core\6.1.1\spring-core-6.1.1.jar;C:\Users\Kranthi Karthan\.m2\repository\org\springframework\spring-jcl\6.1.1\spring-jcl-6.1.1.jar;C:\Users\Kranthi Karthan\.m2\repository\org\springframework\spring-test\6.1.1\spring-test-6.1.1.jar;C:\Users\Kranthi Karthan\.m2\repository\org\xmlunit\xmlunit-core\2.9.1\xmlunit-core-2.9.1.jar;C:\Users\Kranthi Karthan\.m2\repository\org\junit\jupiter\junit-jupiter\5.10.1\junit-jupiter-5.10.1.jar;C:\Users\Kranthi Karthan\.m2\repository\org\junit\jupiter\junit-jupiter-api\5.10.1\junit-jupiter-api-5.10.1.jar;C:\Users\Kranthi Karthan\.m2\repository\org\opentest4j\opentest4j\1.3.0\opentest4j-1.3.0.jar;C:\Users\Kranthi Karthan\.m2\repository\org\junit\platform\junit-platform-commons\1.10.1\junit-platform-commons-1.10.1.jar;C:\Users\Kranthi Karthan\.m2\repository\org\apiguardian\apiguardian-api\1.1.2\apiguardian-api-1.1.2.jar;C:\Users\Kranthi Karthan\.m2\repository\org\junit\jupiter\junit-jupiter-params\5.10.1\junit-jupiter-params-5.10.1.jar;C:\Users\Kranthi Karthan\.m2\repository\org\junit\jupiter\junit-jupiter-engine\5.10.1\junit-jupiter-engine-5.10.1.jar;C:\Users\Kranthi Karthan\.m2\repository\org\junit\platform\junit-platform-engine\1.10.1\junit-platform-engine-1.10.1.jar;C:\Users\Kranthi Karthan\.m2\repository\org\testcontainers\postgresql\1.19.7\postgresql-1.19.7.jar;C:\Users\Kranthi Karthan\.m2\repository\org\testcontainers\jdbc\1.19.3\jdbc-1.19.3.jar;C:\Users\Kranthi Karthan\.m2\repository\org\testcontainers\database-commons\1.19.3\database-commons-1.19.3.jar;C:\Users\Kranthi Karthan\.m2\repository\org\testcontainers\testcontainers\1.19.3\testcontainers-1.19.3.jar;C:\Users\Kranthi Karthan\.m2\repository\junit\junit\4.13.2\junit-4.13.2.jar;C:\Users\Kranthi Karthan\.m2\repository\org\hamcrest\hamcrest-core\2.2\hamcrest-core-2.2.jar;C:\Users\Kranthi Karthan\.m2\repository\org\rnorth\duct-tape\duct-tape\1.0.8\duct-tape-1.0.8.jar;C:\Users\Kranthi Karthan\.m2\repository\org\jetbrains\annotations\17.0.0\annotations-17.0.0.jar;C:\Users\Kranthi Karthan\.m2\repository\com\github\docker-java\docker-java-api\3.3.4\docker-java-api-3.3.4.jar;C:\Users\Kranthi Karthan\.m2\repository\com\github\docker-java\docker-java-transport-zerodep\3.3.4\docker-java-transport-zerodep-3.3.4.jar;C:\Users\Kranthi Karthan\.m2\repository\com\github\docker-java\docker-java-transport\3.3.4\docker-java-transport-3.3.4.jar;C:\Users\Kranthi Karthan\.m2\repository\org\mockito\mockito-core\5.7.0\mockito-core-5.7.0.jar;C:\Users\Kranthi Karthan\.m2\repository\net\bytebuddy\byte-buddy\1.14.10\byte-buddy-1.14.10.jar;C:\Users\Kranthi Karthan\.m2\repository\net\bytebuddy\byte-buddy-agent\1.14.10\byte-buddy-agent-1.14.10.jar;C:\Users\Kranthi Karthan\.m2\repository\org\objenesis\objenesis\3.3\objenesis-3.3.jar;"/>
    <property name="sun.cpu.endian" value="little"/>
    <property name="user.home" value="C:\Users\Kranthi Karthan"/>
    <property name="user.language" value="en"/>
    <property name="java.specification.vendor" value="Oracle Corporation"/>
    <property name="java.version.date" value="2025-07-15"/>
    <property name="java.home" value="C:\Program Files\Microsoft\jdk-17.0.16.8-hotspot"/>
    <property name="file.separator" value="\"/>
    <property name="basedir" value="C:\git\clone\PE\tenant-management-service"/>
    <property name="java.vm.compressedOopsMode" value="Zero based"/>
    <property name="line.separator" value="&#10;"/>
    <property name="java.vm.specification.vendor" value="Oracle Corporation"/>
    <property name="java.specification.name" value="Java Platform API Specification"/>
    <property name="java.awt.headless" value="true"/>
    <property name="surefire.real.class.path" value="C:\Users\Kranthi Karthan\AppData\Local\Temp\surefire4347759712405310377\surefirebooter-20251018180405320_3.jar"/>
    <property name="user.script" value=""/>
    <property name="sun.management.compiler" value="HotSpot 64-Bit Tiered Compilers"/>
    <property name="java.runtime.version" value="17.0.16+8-LTS"/>
    <property name="user.name" value="Kranthi Karthan"/>
    <property name="path.separator" value=";"/>
    <property name="os.version" value="10.0"/>
    <property name="java.runtime.name" value="OpenJDK Runtime Environment"/>
    <property name="file.encoding" value="Cp1252"/>
    <property name="java.vm.name" value="OpenJDK 64-Bit Server VM"/>
    <property name="java.vendor.version" value="Microsoft-11926163"/>
    <property name="localRepository" value="C:\Users\Kranthi Karthan\.m2\repository"/>
    <property name="java.vendor.url.bug" value="https://github.com/microsoft/openjdk/issues"/>
    <property name="java.io.tmpdir" value="C:\Users\KRANTH~1\AppData\Local\Temp\"/>
    <property name="java.version" value="17.0.16"/>
    <property name="user.dir" value="C:\git\clone\PE\tenant-management-service"/>
    <property name="os.arch" value="amd64"/>
    <property name="java.vm.specification.name" value="Java Virtual Machine Specification"/>
    <property name="sun.os.patch.level" value=""/>
    <property name="native.encoding" value="Cp1252"/>
    <property name="java.util.logging.manager" value="org.jboss.logmanager.LogManager"/>
    <property name="java.library.path" value="C:\Program Files\Microsoft\jdk-17.0.16.8-hotspot\bin;C:\Windows\Sun\Java\bin;C:\Windows\system32;C:\Windows;C:\Program Files\Git\mingw64\bin;C:\Program Files\Git\usr\bin;C:\Users\Kranthi Karthan\bin;C:\Program Files\Microsoft\jdk-17.0.16.8-hotspot\bin;C:\Windows\system32;C:\Windows;C:\Windows\System32\Wbem;C:\Windows\System32\WindowsPowerShell\v1.0;C:\Windows\System32\OpenSSH;C:\Program Files\dotnet;C:\Program Files\cursor\resources\app\bin;C:\Program Files\Git\cmd;C:\Program Files\Docker\Docker\resources\bin;C:\Program Files\apache-maven-3.9.11\bin;C:\Users\Kranthi Karthan\AppData\Local\Microsoft\WindowsApps;C:\Users\Kranthi Karthan\AppData\Local\Programs\Microsoft VS Code\bin;."/>
    <property name="java.vm.info" value="mixed mode, sharing"/>
    <property name="java.vendor" value="Microsoft"/>
    <property name="java.vm.version" value="17.0.16+8-LTS"/>
    <property name="java.specification.maintenance.version" value="1"/>
    <property name="sun.io.unicode.encoding" value="UnicodeLittle"/>
    <property name="java.class.version" value="61.0"/>
  </properties>
  <testcase name="testSuspendActiveReturnsCorrectStatus" classname="com.payments.tenant.service.TenantServiceTest" time="5.101">
    <error message="Cannot invoke &quot;com.payments.tenant.service.TenantEventPublisher.publishTenantSuspendedEvent(com.payments.tenant.entity.TenantEntity, String)&quot; because &quot;this.eventPublisher&quot; is null" type="java.lang.NullPointerException"><![CDATA[java.lang.NullPointerException: Cannot invoke "com.payments.tenant.service.TenantEventPublisher.publishTenantSuspendedEvent(com.payments.tenant.entity.TenantEntity, String)" because "this.eventPublisher" is null
	at com.payments.tenant.service.TenantService.suspendTenant(TenantService.java:227)
	at com.payments.tenant.service.TenantServiceTest.testSuspendActiveReturnsCorrectStatus(TenantServiceTest.java:239)
	at java.base/java.lang.reflect.Method.invoke(Method.java:569)
	at java.base/java.util.ArrayList.forEach(ArrayList.java:1511)
	at java.base/java.util.ArrayList.forEach(ArrayList.java:1511)
]]></error>
    <system-out><![CDATA[18:04:19.094 [main] WARN com.payments.tenant.service.TenantService -- Suspending tenant: STD-001 by user: admin@example.com
]]></system-out>
  </testcase>
  <testcase name="testSuspendTenantSuccess" classname="com.payments.tenant.service.TenantServiceTest" time="0.033">
    <error message="Cannot invoke &quot;com.payments.tenant.service.TenantEventPublisher.publishTenantSuspendedEvent(com.payments.tenant.entity.TenantEntity, String)&quot; because &quot;this.eventPublisher&quot; is null" type="java.lang.NullPointerException"><![CDATA[java.lang.NullPointerException: Cannot invoke "com.payments.tenant.service.TenantEventPublisher.publishTenantSuspendedEvent(com.payments.tenant.entity.TenantEntity, String)" because "this.eventPublisher" is null
	at com.payments.tenant.service.TenantService.suspendTenant(TenantService.java:227)
	at com.payments.tenant.service.TenantServiceTest.testSuspendTenantSuccess(TenantServiceTest.java:159)
	at java.base/java.lang.reflect.Method.invoke(Method.java:569)
	at java.base/java.util.ArrayList.forEach(ArrayList.java:1511)
	at java.base/java.util.ArrayList.forEach(ArrayList.java:1511)
]]></error>
    <system-out><![CDATA[18:04:19.351 [main] WARN com.payments.tenant.service.TenantService -- Suspending tenant: STD-001 by user: admin@example.com
]]></system-out>
  </testcase>
  <testcase name="testGetNonExistentTenantThrowsException" classname="com.payments.tenant.service.TenantServiceTest" time="0.064"/>
  <testcase name="testUpdateTenantSuccess" classname="com.payments.tenant.service.TenantServiceTest" time="0.014">
    <error message="Cannot invoke &quot;com.payments.tenant.service.TenantValidator.validateUpdateRequest(com.payments.tenant.entity.TenantEntity, com.payments.tenant.entity.TenantEntity)&quot; because &quot;this.validator&quot; is null" type="java.lang.NullPointerException"><![CDATA[java.lang.NullPointerException: Cannot invoke "com.payments.tenant.service.TenantValidator.validateUpdateRequest(com.payments.tenant.entity.TenantEntity, com.payments.tenant.entity.TenantEntity)" because "this.validator" is null
	at com.payments.tenant.service.TenantService.updateTenant(TenantService.java:282)
	at com.payments.tenant.service.TenantServiceTest.testUpdateTenantSuccess(TenantServiceTest.java:214)
	at java.base/java.lang.reflect.Method.invoke(Method.java:569)
	at java.base/java.util.ArrayList.forEach(ArrayList.java:1511)
	at java.base/java.util.ArrayList.forEach(ArrayList.java:1511)
]]></error>
    <system-out><![CDATA[18:04:19.480 [main] INFO com.payments.tenant.service.TenantService -- Updating tenant: STD-001 by user: admin@example.com
]]></system-out>
  </testcase>
  <testcase name="testActivateTenantSuccess" classname="com.payments.tenant.service.TenantServiceTest" time="0.008">
    <error message="Cannot invoke &quot;com.payments.tenant.service.TenantEventPublisher.publishTenantActivatedEvent(com.payments.tenant.entity.TenantEntity, String)&quot; because &quot;this.eventPublisher&quot; is null" type="java.lang.NullPointerException"><![CDATA[java.lang.NullPointerException: Cannot invoke "com.payments.tenant.service.TenantEventPublisher.publishTenantActivatedEvent(com.payments.tenant.entity.TenantEntity, String)" because "this.eventPublisher" is null
	at com.payments.tenant.service.TenantService.activateTenant(TenantService.java:198)
	at com.payments.tenant.service.TenantServiceTest.testActivateTenantSuccess(TenantServiceTest.java:134)
	at java.base/java.lang.reflect.Method.invoke(Method.java:569)
	at java.base/java.util.ArrayList.forEach(ArrayList.java:1511)
	at java.base/java.util.ArrayList.forEach(ArrayList.java:1511)
]]></error>
    <system-out><![CDATA[18:04:19.502 [main] INFO com.payments.tenant.service.TenantService -- Activating tenant: STD-001 by user: admin@example.com
18:04:19.502 [main] INFO com.payments.tenant.service.TenantService -- Tenant activated: STD-001
]]></system-out>
  </testcase>
  <testcase name="testDeactivateTenantSuccess" classname="com.payments.tenant.service.TenantServiceTest" time="0.008">
    <error message="Cannot invoke &quot;com.payments.tenant.service.TenantEventPublisher.publishTenantDeactivatedEvent(com.payments.tenant.entity.TenantEntity, String)&quot; because &quot;this.eventPublisher&quot; is null" type="java.lang.NullPointerException"><![CDATA[java.lang.NullPointerException: Cannot invoke "com.payments.tenant.service.TenantEventPublisher.publishTenantDeactivatedEvent(com.payments.tenant.entity.TenantEntity, String)" because "this.eventPublisher" is null
	at com.payments.tenant.service.TenantService.deactivateTenant(TenantService.java:256)
	at com.payments.tenant.service.TenantServiceTest.testDeactivateTenantSuccess(TenantServiceTest.java:184)
	at java.base/java.lang.reflect.Method.invoke(Method.java:569)
	at java.base/java.util.ArrayList.forEach(ArrayList.java:1511)
	at java.base/java.util.ArrayList.forEach(ArrayList.java:1511)
]]></error>
    <system-out><![CDATA[18:04:19.502 [main] WARN com.payments.tenant.service.TenantService -- Deactivating tenant: STD-001 by user: admin@example.com
]]></system-out>
  </testcase>
  <testcase name="testGetTenantByNameSuccess" classname="com.payments.tenant.service.TenantServiceTest" time="0.063"/>
  <testcase name="testGetTenantByIdSuccess" classname="com.payments.tenant.service.TenantServiceTest" time="0.008"/>
  <testcase name="testCreateTenantSuccess" classname="com.payments.tenant.service.TenantServiceTest" time="0.026">
    <error message="Cannot invoke &quot;com.payments.tenant.service.TenantValidator.validateCreateRequest(com.payments.tenant.entity.TenantEntity)&quot; because &quot;this.validator&quot; is null" type="java.lang.NullPointerException"><![CDATA[java.lang.NullPointerException: Cannot invoke "com.payments.tenant.service.TenantValidator.validateCreateRequest(com.payments.tenant.entity.TenantEntity)" because "this.validator" is null
	at com.payments.tenant.service.TenantService.createTenant(TenantService.java:65)
	at com.payments.tenant.service.TenantServiceTest.testCreateTenantSuccess(TenantServiceTest.java:62)
	at java.base/java.lang.reflect.Method.invoke(Method.java:569)
	at java.base/java.util.ArrayList.forEach(ArrayList.java:1511)
	at java.base/java.util.ArrayList.forEach(ArrayList.java:1511)
]]></error>
    <system-out><![CDATA[18:04:19.600 [main] INFO com.payments.tenant.service.TenantService -- Creating tenant: Test Bank by user: admin@example.com
]]></system-out>
  </testcase>
  <testcase name="testGetTenantByIdNotFound" classname="com.payments.tenant.service.TenantServiceTest" time="0.013"/>
</testsuite>